#
# A fatal error has been detected by the Java Runtime Environment:
#
#  EXCEPTION_ACCESS_VIOLATION (0xc0000005) at pc=0x00007ffcf0833f46, pid=15472, tid=9508
#
# JRE version: Java(TM) SE Runtime Environment (18.0+36) (build 18+36-2087)
# Java VM: Java HotSpot(TM) 64-Bit Server VM (18+36-2087, mixed mode, sharing, tiered, compressed oops, compressed class ptrs, g1 gc, windows-amd64)
# Problematic frame:
# V  [jvm.dll+0x323f46]
#
# No core dump will be written. Minidumps are not enabled by default on client versions of Windows
#
# If you would like to submit a bug report, please visit:
#   https://bugreport.java.com/bugreport/crash.jsp
#

---------------  S U M M A R Y ------------

Command Line: -XX:+ShowCodeDetailsInExceptionMessages -agentlib:jdwp=transport=dt_socket,suspend=y,address=localhost:54096 -javaagent:D:\jee-2023-06\eclipse\configuration\org.eclipse.osgi\430\0\.cp\lib\javaagent-shaded.jar -Dfile.encoding=UTF-8 com.example.Fortunemvn.FortunemvnApplication

Host: Intel(R) Core(TM) i3-5005U CPU @ 2.00GHz, 4 cores, 7G,  Windows 10 , 64 bit Build 19041 (10.0.19041.2364)
Time: Fri Jun 16 20:23:09 2023 India Standard Time elapsed time: 11889.292937 seconds (0d 3h 18m 9s)

---------------  T H R E A D  ---------------

Current thread (0x0000023fd7fa1090):  WorkerThread "GC Thread#1" [stack: 0x000000ce26700000,0x000000ce26800000] [id=9508]

Stack: [0x000000ce26700000,0x000000ce26800000],  sp=0x000000ce267fde70,  free space=1015k
Native frames: (J=compiled Java code, j=interpreted, Vv=VM code, C=native code)
V  [jvm.dll+0x323f46]
V  [jvm.dll+0x335c28]
V  [jvm.dll+0x2e602b]
V  [jvm.dll+0x2e5ac4]
V  [jvm.dll+0x2e5a55]
V  [jvm.dll+0x7a38b6]
V  [jvm.dll+0x7a3749]
V  [jvm.dll+0x7a3d20]
V  [jvm.dll+0x33624c]
V  [jvm.dll+0x3360e5]
V  [jvm.dll+0x33e704]
V  [jvm.dll+0x33e87b]
V  [jvm.dll+0x81f2b4]
V  [jvm.dll+0x79fbba]
V  [jvm.dll+0x696ef5]
C  [ucrtbase.dll+0x21bb2]
C  [KERNEL32.DLL+0x17614]
C  [ntdll.dll+0x526a1]

JavaThread 0x0000023fd9f0f8b0 (nid = 14540) was being processed
Java frames: (J=compiled Java code, j=interpreted, Vv=VM code)
j  java.lang.invoke.DirectMethodHandle$Holder.newInvokeSpecial(Ljava/lang/Object;)Ljava/lang/Object;+15 java.base@18
J 11098 c2 java.lang.reflect.Constructor.newInstanceWithCaller([Ljava/lang/Object;ZLjava/lang/Class;)Ljava/lang/Object; java.base@18 (51 bytes) @ 0x0000023fc4f0ab04 [0x0000023fc4f0a820+0x00000000000002e4]
J 12012 c2 org.springframework.beans.BeanUtils.instantiateClass(Ljava/lang/reflect/Constructor;[Ljava/lang/Object;)Ljava/lang/Object; (187 bytes) @ 0x0000023fc540fb0c [0x0000023fc540f800+0x000000000000030c]
J 21895 c1 org.springframework.beans.factory.support.SimpleInstantiationStrategy.instantiate(Lorg/springframework/beans/factory/support/RootBeanDefinition;Ljava/lang/String;Lorg/springframework/beans/factory/BeanFactory;)Ljava/lang/Object; (152 bytes) @ 0x0000023fbe66960c [0x0000023fbe668e20+0x00000000000007ec]
J 15095 c2 org.springframework.beans.factory.support.AbstractAutowireCapableBeanFactory.createBeanInstance(Ljava/lang/String;Lorg/springframework/beans/factory/support/RootBeanDefinition;[Ljava/lang/Object;)Lorg/springframework/beans/BeanWrapper; (254 bytes) @ 0x0000023fc573fa60 [0x0000023fc573f680+0x00000000000003e0]
J 16160 c2 org.springframework.beans.factory.support.AbstractAutowireCapableBeanFactory.doCreateBean(Ljava/lang/String;Lorg/springframework/beans/factory/support/RootBeanDefinition;[Ljava/lang/Object;)Ljava/lang/Object; (507 bytes) @ 0x0000023fc54ef260 [0x0000023fc54ef0a0+0x00000000000001c0]
J 14718 c2 org.springframework.beans.factory.support.AbstractBeanFactory$$Lambda$274+0x0000000800dd5828.getObject()Ljava/lang/Object; (20 bytes) @ 0x0000023fc56b1904 [0x0000023fc56b14c0+0x0000000000000444]
J 15158 c2 org.springframework.beans.factory.support.DefaultSingletonBeanRegistry.getSingleton(Ljava/lang/String;Lorg/springframework/beans/factory/ObjectFactory;)Ljava/lang/Object; (297 bytes) @ 0x0000023fc57651a0 [0x0000023fc57649c0+0x00000000000007e0]
J 9300 c2 org.springframework.beans.factory.support.AbstractBeanFactory.doGetBean(Ljava/lang/String;Ljava/lang/Class;[Ljava/lang/Object;Z)Ljava/lang/Object; (832 bytes) @ 0x0000023fc5190e94 [0x0000023fc5190440+0x0000000000000a54]
J 12890 c2 org.springframework.beans.factory.support.AbstractBeanFactory.getBean(Ljava/lang/String;)Ljava/lang/Object; (9 bytes) @ 0x0000023fc54d0b60 [0x0000023fc54d0b20+0x0000000000000040]
j  org.springframework.beans.factory.support.DefaultListableBeanFactory.preInstantiateSingletons()V+248
j  org.springframework.context.support.AbstractApplicationContext.finishBeanFactoryInitialization(Lorg/springframework/beans/factory/config/ConfigurableListableBeanFactory;)V+124
j  org.springframework.context.support.AbstractApplicationContext.refresh()V+86
j  org.springframework.boot.web.servlet.context.ServletWebServerApplicationContext.refresh()V+1
j  org.springframework.boot.SpringApplication.refresh(Lorg/springframework/context/ConfigurableApplicationContext;)V+1
j  org.springframework.boot.SpringApplication.refreshContext(Lorg/springframework/context/ConfigurableApplicationContext;)V+16
j  org.springframework.boot.SpringApplication.run([Ljava/lang/String;)Lorg/springframework/context/ConfigurableApplicationContext;+111
j  org.springframework.boot.SpringApplication.run([Ljava/lang/Class;[Ljava/lang/String;)Lorg/springframework/context/ConfigurableApplicationContext;+9
j  org.springframework.boot.SpringApplication.run(Ljava/lang/Class;[Ljava/lang/String;)Lorg/springframework/context/ConfigurableApplicationContext;+9
j  com.example.Fortunemvn.FortunemvnApplication.main([Ljava/lang/String;)V+3
J 15546 c1 java.lang.invoke.LambdaForm$DMH+0x0000000800ca9000.invokeStatic(Ljava/lang/Object;Ljava/lang/Object;)V java.base@18 (14 bytes) @ 0x0000023fbf1abc94 [0x0000023fbf1ab8e0+0x00000000000003b4]
J 23079 c1 java.lang.invoke.LambdaForm$MH+0x00000008016da000.invoke(Ljava/lang/Object;Ljava/lang/Object;Ljava/lang/Object;)Ljava/lang/Object; java.base@18 (38 bytes) @ 0x0000023fbe531014 [0x0000023fbe530a80+0x0000000000000594]
J 19496 c2 java.lang.reflect.Method.invoke(Ljava/lang/Object;[Ljava/lang/Object;)Ljava/lang/Object; java.base@18 (108 bytes) @ 0x0000023fc5c5dc20 [0x0000023fc5c5d200+0x0000000000000a20]
j  org.springframework.boot.devtools.restart.RestartLauncher.run()V+42
v  ~StubRoutines::call_stub

siginfo: EXCEPTION_ACCESS_VIOLATION (0xc0000005), reading address 0xffffffffffffffff


Register to memory mapping:

RIP=0x00007ffcf0833f46 jvm.dll
RAX=0x0702000704003200 is an unknown value
RBX=0x0000000000000001 is an unknown value
RCX=0x0000000000000001 is an unknown value
RDX=0x00000000000ce26e is an unknown value
RSP=0x000000ce267fde70 points into unknown readable memory: 0x00000000000060a6 | a6 60 00 00 00 00 00 00
RBP=0x0 is NULL
RSI=0x000000ce267fe200 points into unknown readable memory: 0x000000ce26efe318 | 18 e3 ef 26 ce 00 00 00
RDI=0x000000ce26efe320 is pointing into the stack for thread: 0x0000023fd9f0f8b0
R8 =0x00000008006debdf is pointing into metadata
R9 =0x000000000dbd7e00 is an unknown value
R10=0x000000ce26efe320 is pointing into the stack for thread: 0x0000023fd9f0f8b0
R11=0x000000ce267fe0b8 points into unknown readable memory: 0x00007ffcf07f5ac4 | c4 5a 7f f0 fc 7f 00 00
R12=0x000000000dbd7e00 is an unknown value
R13=0x00000008006debdf is pointing into metadata
R14=0x000000ce26efe320 is pointing into the stack for thread: 0x0000023fd9f0f8b0
R15=0x0000023fda6386f0 points into unknown readable memory: 0x00007ffcf0e34610 | 10 46 e3 f0 fc 7f 00 00


Registers:
RAX=0x0702000704003200, RBX=0x0000000000000001, RCX=0x0000000000000001, RDX=0x00000000000ce26e
RSP=0x000000ce267fde70, RBP=0x0000000000000000, RSI=0x000000ce267fe200, RDI=0x000000ce26efe320
R8 =0x00000008006debdf, R9 =0x000000000dbd7e00, R10=0x000000ce26efe320, R11=0x000000ce267fe0b8
R12=0x000000000dbd7e00, R13=0x00000008006debdf, R14=0x000000ce26efe320, R15=0x0000023fda6386f0
RIP=0x00007ffcf0833f46, EFLAGS=0x0000000000010203

Top of Stack: (sp=0x000000ce267fde70)
0x000000ce267fde70:   00000000000060a6 0000023fd7e687b0
0x000000ce267fde80:   0000000000000322 00007ffcf0b97188
0x000000ce267fde90:   0000000000000322 0000023fd9af3e30
0x000000ce267fdea0:   0702000704003200 00007ffcf0c208f0
0x000000ce267fdeb0:   000000ce267fdf00 0000000000000000
0x000000ce267fdec0:   0000023fdad23828 0000000000000003
0x000000ce267fded0:   0000000000000003 0000023fd8082f60
0x000000ce267fdee0:   0000000000000000 000000ce26efe320
0x000000ce267fdef0:   000000ce267fe200 000000ce267fe040
0x000000ce267fdf00:   0000023fdad23828 00007ffcf0845c28
0x000000ce267fdf10:   000000ce267f0050 000000ce267f0100
0x000000ce267fdf20:   0000000800440068 000000ce26efe320
0x000000ce267fdf30:   0000023fdad23828 00007ffcf07f602b
0x000000ce267fdf40:   0000000000000001 00000008004f5618
0x000000ce267fdf50:   0000023fdad23828 000000ce267fe200
0x000000ce267fdf60:   0000000086f60b01 00000008000c8c30 

Instructions: (pc=0x00007ffcf0833f46)
0x00007ffcf0833e46:   c3 48 8b 5c 24 40 48 8b 6c 24 48 48 8b 74 24 50
0x00007ffcf0833e56:   48 83 c4 20 41 5f 41 5e 5f c3 40 53 55 56 57 41
0x00007ffcf0833e66:   54 41 55 41 56 41 57 48 83 ec 58 80 3d c1 fb 80
0x00007ffcf0833e76:   00 00 49 8b f9 4d 8b f0 0f b7 da 4c 8b f9 74 16
0x00007ffcf0833e86:   45 8b 68 08 8b 0d 10 bb 79 00 49 d3 e5 4c 03 2d
0x00007ffcf0833e96:   fe ba 79 00 eb 04 4d 8b 68 08 49 8b d5 49 8b ce
0x00007ffcf0833ea6:   e8 95 0e ea ff 4c 8b e0 48 89 bc 24 b8 00 00 00
0x00007ffcf0833eb6:   33 c0 8b e8 0f b7 c3 66 c1 e8 08 66 89 84 24 a0
0x00007ffcf0833ec6:   00 00 00 84 c0 75 3f 40 0f b6 cf f6 d1 f6 c1 01
0x00007ffcf0833ed6:   75 05 48 8b ef eb 15 48 8d 54 24 40 48 8d 8c 24
0x00007ffcf0833ee6:   b8 00 00 00 e8 b1 fb 2f 00 48 8b 28 48 c1 ed 03
0x00007ffcf0833ef6:   83 e5 0f 41 3b af 78 01 00 00 73 0a 66 89 9c 24
0x00007ffcf0833f06:   a8 00 00 00 eb 12 66 c7 84 24 a8 00 00 00 00 01
0x00007ffcf0833f16:   0f b7 9c 24 a8 00 00 00 49 8b 47 08 49 8b d6 66
0x00007ffcf0833f26:   c1 eb 08 8b 88 48 02 00 00 48 8b 80 38 02 00 00
0x00007ffcf0833f36:   48 d3 ea 48 0f be cb 48 8b 04 d0 48 89 44 24 30
0x00007ffcf0833f46:   44 8b 80 b0 00 00 00 49 8b 47 70 44 89 84 24 b0
0x00007ffcf0833f56:   00 00 00 48 8b 54 c8 10 84 db 75 04 4a 8d 14 c2
0x00007ffcf0833f66:   48 8b 0a 48 8b 71 38 48 8b 41 40 48 2b c6 48 c1
0x00007ffcf0833f76:   e8 03 49 3b c4 72 0d 4a 8d 04 e6 48 89 41 38 48
0x00007ffcf0833f86:   85 f6 75 3d 44 89 44 24 28 48 8d 94 24 a8 00 00
0x00007ffcf0833f96:   00 4d 8b c6 89 6c 24 20 4d 8b cc 49 8b cf e8 87
0x00007ffcf0833fa6:   fa ff ff 48 8b f0 48 85 c0 75 16 4d 8b cc 4c 8b
0x00007ffcf0833fb6:   c7 49 8b d6 49 8b cf e8 3e 07 00 00 e9 69 03 00
0x00007ffcf0833fc6:   00 48 8d 0d 32 c0 cd ff 49 83 fc 08 77 4d 42 8b
0x00007ffcf0833fd6:   84 a1 44 43 32 00 48 03 c1 ff e0 49 8b 46 38 48
0x00007ffcf0833fe6:   89 46 38 49 8b 46 30 48 89 46 30 49 8b 46 28 48
0x00007ffcf0833ff6:   89 46 28 49 8b 46 20 48 89 46 20 49 8b 46 18 48
0x00007ffcf0834006:   89 46 18 49 8b 46 10 48 89 46 10 49 8b 46 08 48
0x00007ffcf0834016:   89 46 08 49 8b 06 48 89 06 eb 13 4e 8d 04 e5 00
0x00007ffcf0834026:   00 00 00 49 8b d6 48 8b ce e8 0c a9 52 00 48 8b
0x00007ffcf0834036:   ce 48 8b c7 48 83 c9 03 f0 49 0f b1 0e 48 8b d8 


Stack slot to memory mapping:
stack at sp + 0 slots: 0x00000000000060a6 is an unknown value
stack at sp + 1 slots: 0x0000023fd7e687b0 points into unknown readable memory: 0x0000023fb5825580 | 80 55 82 b5 3f 02 00 00
stack at sp + 2 slots: 0x0000000000000322 is an unknown value
stack at sp + 3 slots: 0x00007ffcf0b97188 jvm.dll
stack at sp + 4 slots: 0x0000000000000322 is an unknown value
stack at sp + 5 slots: 0x0000023fd9af3e30 points into unknown readable memory: 0x0000023fddceb0a0 | a0 b0 ce dd 3f 02 00 00
stack at sp + 6 slots: 0x0702000704003200 is an unknown value
stack at sp + 7 slots: 0x00007ffcf0c208f0 jvm.dll


---------------  P R O C E S S  ---------------

Threads class SMR info:
_java_thread_list=0x0000023fdad55080, length=33, elements={
0x0000023fd3108de0, 0x0000023fd310a0b0, 0x0000023fd3123b10, 0x0000023fd31243c0,
0x0000023fd3124c70, 0x0000023fd3125e00, 0x0000023fd31289f0, 0x0000023fd318dd60,
0x0000023fd31a89e0, 0x0000023fd7448b20, 0x0000023fd76439f0, 0x0000023fd758aaf0,
0x0000023fd758afd0, 0x0000023fd7d96d30, 0x0000023fdc9fc830, 0x0000023fdc9f9810,
0x0000023fdcfcdc50, 0x0000023fd9f13740, 0x0000023fd9f13c10, 0x0000023fd9f0d230,
0x0000023fd9f11a60, 0x0000023fdcfcf460, 0x0000023fd8abd0c0, 0x0000023fdcfcfe00,
0x0000023fd8abe400, 0x0000023fdc9f8e70, 0x0000023fd9f0dbd0, 0x0000023fd9f0d700,
0x0000023fd9f0f8b0, 0x0000023fd9f0ef10, 0x0000023fd9f0fd80, 0x0000023fd8abb3e0,
0x0000023fd8abdf30
}

Java Threads: ( => current thread )
  0x0000023fd3108de0 JavaThread "Reference Handler" daemon [_thread_blocked, id=13428, stack(0x000000ce25600000,0x000000ce25700000)]
  0x0000023fd310a0b0 JavaThread "Finalizer" daemon [_thread_blocked, id=10256, stack(0x000000ce25700000,0x000000ce25800000)]
  0x0000023fd3123b10 JavaThread "Signal Dispatcher" daemon [_thread_blocked, id=3364, stack(0x000000ce25900000,0x000000ce25a00000)]
  0x0000023fd31243c0 JavaThread "Attach Listener" daemon [_thread_blocked, id=6140, stack(0x000000ce25a00000,0x000000ce25b00000)]
  0x0000023fd3124c70 JavaThread "Service Thread" daemon [_thread_blocked, id=14740, stack(0x000000ce25b00000,0x000000ce25c00000)]
  0x0000023fd3125e00 JavaThread "Monitor Deflation Thread" daemon [_thread_blocked, id=14452, stack(0x000000ce25c00000,0x000000ce25d00000)]
  0x0000023fd31289f0 JavaThread "C2 CompilerThread0" daemon [_thread_blocked, id=14604, stack(0x000000ce25d00000,0x000000ce25e00000)]
  0x0000023fd318dd60 JavaThread "C1 CompilerThread0" daemon [_thread_blocked, id=1392, stack(0x000000ce25e00000,0x000000ce25f00000)]
  0x0000023fd31a89e0 JavaThread "Sweeper thread" daemon [_thread_blocked, id=11548, stack(0x000000ce25f00000,0x000000ce26000000)]
  0x0000023fd7448b20 JavaThread "Common-Cleaner" daemon [_thread_blocked, id=13432, stack(0x000000ce26000000,0x000000ce26100000)]
  0x0000023fd76439f0 JavaThread "JDWP Transport Listener: dt_socket" daemon [_thread_blocked, id=17300, stack(0x000000ce26100000,0x000000ce26200000)]
  0x0000023fd758aaf0 JavaThread "JDWP Event Helper Thread" daemon [_thread_blocked, id=14908, stack(0x000000ce26200000,0x000000ce26300000)]
  0x0000023fd758afd0 JavaThread "JDWP Command Reader" daemon [_thread_in_native, id=16840, stack(0x000000ce26300000,0x000000ce26400000)]
  0x0000023fd7d96d30 JavaThread "Notification Thread" daemon [_thread_blocked, id=1820, stack(0x000000ce26500000,0x000000ce26600000)]
  0x0000023fdc9fc830 JavaThread "Live Reload Server" daemon [_thread_in_native, id=14516, stack(0x000000ce27400000,0x000000ce27500000)]
  0x0000023fdc9f9810 JavaThread "DestroyJavaVM" [_thread_blocked, id=2548, stack(0x000000ce24f00000,0x000000ce25000000)]
  0x0000023fdcfcdc50 JavaThread "File Watcher" daemon [_thread_blocked, id=15084, stack(0x000000ce26b00000,0x000000ce26c00000)]
  0x0000023fd9f13740 JavaThread "File Watcher" daemon [_thread_blocked, id=12456, stack(0x000000ce24d00000,0x000000ce24e00000)]
  0x0000023fd9f13c10 JavaThread "File Watcher" daemon [_thread_blocked, id=16184, stack(0x000000ce24e00000,0x000000ce24f00000)]
  0x0000023fd9f0d230 JavaThread "File Watcher" daemon [_thread_blocked, id=9284, stack(0x000000ce26c00000,0x000000ce26d00000)]
  0x0000023fd9f11a60 JavaThread "File Watcher" daemon [_thread_blocked, id=3532, stack(0x000000ce26d00000,0x000000ce26e00000)]
  0x0000023fdcfcf460 JavaThread "File Watcher" daemon [_thread_blocked, id=3152, stack(0x000000ce27000000,0x000000ce27100000)]
  0x0000023fd8abd0c0 JavaThread "File Watcher" daemon [_thread_blocked, id=10232, stack(0x000000ce25800000,0x000000ce25900000)]
  0x0000023fdcfcfe00 JavaThread "File Watcher" daemon [_thread_blocked, id=2284, stack(0x000000ce27100000,0x000000ce27200000)]
  0x0000023fd8abe400 JavaThread "File Watcher" daemon [_thread_blocked, id=7788, stack(0x000000ce27200000,0x000000ce27300000)]
  0x0000023fdc9f8e70 JavaThread "File Watcher" daemon [_thread_blocked, id=16704, stack(0x000000ce27300000,0x000000ce27400000)]
  0x0000023fd9f0dbd0 JavaThread "File Watcher" daemon [_thread_blocked, id=11236, stack(0x000000ce27500000,0x000000ce27600000)]
  0x0000023fd9f0d700 JavaThread "Thread-336" [_thread_blocked, id=9020, stack(0x000000ce27f00000,0x000000ce28000000)]
  0x0000023fd9f0f8b0 JavaThread "restartedMain" [_thread_blocked, id=14540, stack(0x000000ce26e00000,0x000000ce26f00000)]
  0x0000023fd9f0ef10 JavaThread "HikariPool-88 housekeeper" daemon [_thread_blocked, id=10388, stack(0x000000ce26400000,0x000000ce26500000)]
  0x0000023fd9f0fd80 JavaThread "Catalina-utility-1" [_thread_blocked, id=14384, stack(0x000000ce27700000,0x000000ce27800000)]
  0x0000023fd8abb3e0 JavaThread "Catalina-utility-2" [_thread_blocked, id=16772, stack(0x000000ce27800000,0x000000ce27900000)]
  0x0000023fd8abdf30 JavaThread "container-11" [_thread_blocked, id=14708, stack(0x000000ce27900000,0x000000ce27a00000)]

Other Threads:
  0x0000023fd3104880 VMThread "VM Thread" [stack: 0x000000ce25500000,0x000000ce25600000] [id=1900]
  0x0000023fb5812290 WatcherThread "VM Periodic Task Thread" [stack: 0x000000ce26600000,0x000000ce26700000] [id=3416]
  0x0000023fb58710a0 WorkerThread "GC Thread#0" [stack: 0x000000ce25000000,0x000000ce25100000] [id=17360]
=>0x0000023fd7fa1090 WorkerThread "GC Thread#1" [stack: 0x000000ce26700000,0x000000ce26800000] [id=9508]
  0x0000023fd8072250 WorkerThread "GC Thread#2" [stack: 0x000000ce26800000,0x000000ce26900000] [id=12676]
  0x0000023fd80779b0 WorkerThread "GC Thread#3" [stack: 0x000000ce26900000,0x000000ce26a00000] [id=8232]
  0x0000023fb58824f0 ConcurrentGCThread "G1 Main Marker" [stack: 0x000000ce25100000,0x000000ce25200000] [id=10164]
  0x0000023fb5882ee0 WorkerThread "G1 Conc#0" [stack: 0x000000ce25200000,0x000000ce25300000] [id=8560]
  0x0000023fb58c14d0 ConcurrentGCThread "G1 Refine#0" [stack: 0x000000ce25300000,0x000000ce25400000] [id=5784]
  0x0000023fd7e1e080 ConcurrentGCThread "G1 Refine#1" [stack: 0x000000ce26a00000,0x000000ce26b00000] [id=1408]
  0x0000023fb58c2d00 ConcurrentGCThread "G1 Service" [stack: 0x000000ce25400000,0x000000ce25500000] [id=7948]

Threads with active compile tasks:

VM state: at safepoint (normal execution)

VM Mutex/Monitor currently owned by a thread:  ([mutex/lock_event])
[0x0000023fb580c060] Threads_lock - owner thread: 0x0000023fd3104880
[0x0000023fb580be20] Heap_lock - owner thread: 0x0000023fd76439f0

Heap address: 0x0000000081400000, size: 2028 MB, Compressed Oops mode: 32-bit

CDS archive(s) mapped at: [0x0000000800000000-0x0000000800ba0000-0x0000000800ba0000), size 12189696, SharedBaseAddress: 0x0000000800000000, ArchiveRelocationMode: 0.
Compressed class space mapped at: 0x0000000800c00000-0x0000000840c00000, reserved size: 1073741824
Narrow klass base: 0x0000000800000000, Narrow klass shift: 0, Narrow klass range: 0x100000000

GC Precious Log:
 CardTable entry size: 512
 Card Set container configuration: InlinePtr #cards 5 size 8 Array Of Cards #cards 12 size 40 Howl #buckets 4 coarsen threshold 1843 Howl Bitmap #cards 512 size 80 coarsen threshold 460 Card regions per heap region 1 cards per card region 2048
 CPUs: 4 total, 4 available
 Memory: 8107M
 Large Page Support: Disabled
 NUMA Support: Disabled
 Compressed Oops: Enabled (32-bit)
 Heap Region Size: 1M
 Heap Min Capacity: 8M
 Heap Initial Capacity: 128M
 Heap Max Capacity: 2028M
 Pre-touch: Disabled
 Parallel Workers: 4
 Concurrent Workers: 1
 Concurrent Refinement Workers: 4
 Periodic GC: Disabled

Heap:
 garbage-first heap   total 154624K, used 123621K [0x0000000081400000, 0x0000000100000000)
  region size 1024K, 61 young (62464K), 2 survivors (2048K)
 Metaspace       used 83558K, committed 87232K, reserved 1179648K
  class space    used 9276K, committed 10624K, reserved 1048576K

Heap Regions: E=young(eden), S=young(survivor), O=old, HS=humongous(starts), HC=humongous(continues), CS=collection set, F=free, OA=open archive, CA=closed archive, TAMS=top-at-mark-start (previous, next)
|   0|0x0000000081400000, 0x0000000081500000, 0x0000000081500000|100%|HS|  |TAMS 0x0000000081500000, 0x0000000081400000| Untracked 
|   1|0x0000000081500000, 0x0000000081600000, 0x0000000081600000|100%| O|  |TAMS 0x0000000081600000, 0x0000000081500000| Untracked 
|   2|0x0000000081600000, 0x00000000816ffe88, 0x0000000081700000| 99%| O|  |TAMS 0x00000000816ffe88, 0x0000000081600000| Untracked 
|   3|0x0000000081700000, 0x00000000817ffff8, 0x0000000081800000| 99%| O|  |TAMS 0x00000000817ffff8, 0x0000000081700000| Untracked 
|   4|0x0000000081800000, 0x00000000818ffff0, 0x0000000081900000| 99%| O|  |TAMS 0x00000000818ffff0, 0x0000000081800000| Untracked 
|   5|0x0000000081900000, 0x00000000819ffff0, 0x0000000081a00000| 99%| O|  |TAMS 0x00000000819ffff0, 0x0000000081900000| Untracked 
|   6|0x0000000081a00000, 0x0000000081afffe8, 0x0000000081b00000| 99%| O|  |TAMS 0x0000000081afffe8, 0x0000000081a00000| Untracked 
|   7|0x0000000081b00000, 0x0000000081c00000, 0x0000000081c00000|100%| O|  |TAMS 0x0000000081c00000, 0x0000000081b00000| Untracked 
|   8|0x0000000081c00000, 0x0000000081cfffe8, 0x0000000081d00000| 99%| O|  |TAMS 0x0000000081cfffe8, 0x0000000081c00000| Untracked 
|   9|0x0000000081d00000, 0x0000000081dffff8, 0x0000000081e00000| 99%| O|  |TAMS 0x0000000081dffff8, 0x0000000081d00000| Untracked 
|  10|0x0000000081e00000, 0x0000000081effff0, 0x0000000081f00000| 99%| O|  |TAMS 0x0000000081effff0, 0x0000000081e00000| Untracked 
|  11|0x0000000081f00000, 0x0000000081ffffc8, 0x0000000082000000| 99%| O|  |TAMS 0x0000000081ffffc8, 0x0000000081f00000| Untracked 
|  12|0x0000000082000000, 0x00000000820fffd8, 0x0000000082100000| 99%| O|  |TAMS 0x00000000820fffd8, 0x0000000082000000| Untracked 
|  13|0x0000000082100000, 0x0000000082200000, 0x0000000082200000|100%| O|  |TAMS 0x0000000082200000, 0x0000000082100000| Untracked 
|  14|0x0000000082200000, 0x00000000822fffb8, 0x0000000082300000| 99%| O|  |TAMS 0x00000000822fffb8, 0x0000000082200000| Untracked 
|  15|0x0000000082300000, 0x0000000082400000, 0x0000000082400000|100%| O|  |TAMS 0x0000000082400000, 0x0000000082300000| Untracked 
|  16|0x0000000082400000, 0x00000000824ffff8, 0x0000000082500000| 99%| O|  |TAMS 0x00000000824ffff8, 0x0000000082400000| Untracked 
|  17|0x0000000082500000, 0x0000000082600000, 0x0000000082600000|100%| O|  |TAMS 0x0000000082600000, 0x0000000082500000| Untracked 
|  18|0x0000000082600000, 0x0000000082700000, 0x0000000082700000|100%| O|  |TAMS 0x0000000082700000, 0x0000000082600000| Untracked 
|  19|0x0000000082700000, 0x00000000827ffff8, 0x0000000082800000| 99%| O|  |TAMS 0x00000000827ffff8, 0x0000000082700000| Untracked 
|  20|0x0000000082800000, 0x00000000828fffe0, 0x0000000082900000| 99%| O|  |TAMS 0x00000000828fffe0, 0x0000000082800000| Untracked 
|  21|0x0000000082900000, 0x00000000829ffff8, 0x0000000082a00000| 99%| O|  |TAMS 0x00000000829ffff8, 0x0000000082900000| Untracked 
|  22|0x0000000082a00000, 0x0000000082afffe8, 0x0000000082b00000| 99%| O|  |TAMS 0x0000000082afffe8, 0x0000000082a00000| Untracked 
|  23|0x0000000082b00000, 0x0000000082bfffe8, 0x0000000082c00000| 99%| O|  |TAMS 0x0000000082bfffe8, 0x0000000082b00000| Untracked 
|  24|0x0000000082c00000, 0x0000000082cffff8, 0x0000000082d00000| 99%| O|  |TAMS 0x0000000082cffff8, 0x0000000082c00000| Untracked 
|  25|0x0000000082d00000, 0x0000000082dffff8, 0x0000000082e00000| 99%| O|  |TAMS 0x0000000082dffff8, 0x0000000082d00000| Untracked 
|  26|0x0000000082e00000, 0x0000000082efffd8, 0x0000000082f00000| 99%| O|  |TAMS 0x0000000082efffd8, 0x0000000082e00000| Untracked 
|  27|0x0000000082f00000, 0x0000000082fffff0, 0x0000000083000000| 99%| O|  |TAMS 0x0000000082fffff0, 0x0000000082f00000| Untracked 
|  28|0x0000000083000000, 0x00000000830ffff0, 0x0000000083100000| 99%| O|  |TAMS 0x00000000830ffff0, 0x0000000083000000| Untracked 
|  29|0x0000000083100000, 0x00000000831ffff8, 0x0000000083200000| 99%| O|  |TAMS 0x00000000831ffff8, 0x0000000083100000| Untracked 
|  30|0x0000000083200000, 0x0000000083300000, 0x0000000083300000|100%| O|  |TAMS 0x0000000083300000, 0x0000000083200000| Untracked 
|  31|0x0000000083300000, 0x00000000833fffd8, 0x0000000083400000| 99%| O|  |TAMS 0x00000000833fffd8, 0x0000000083300000| Untracked 
|  32|0x0000000083400000, 0x00000000834ffff0, 0x0000000083500000| 99%| O|  |TAMS 0x00000000834ffff0, 0x0000000083400000| Untracked 
|  33|0x0000000083500000, 0x00000000835fffd0, 0x0000000083600000| 99%| O|  |TAMS 0x00000000835fffd0, 0x0000000083500000| Untracked 
|  34|0x0000000083600000, 0x00000000836ffff8, 0x0000000083700000| 99%| O|  |TAMS 0x00000000836ffff8, 0x0000000083600000| Untracked 
|  35|0x0000000083700000, 0x00000000837fffb0, 0x0000000083800000| 99%| O|  |TAMS 0x00000000837fffb0, 0x0000000083700000| Untracked 
|  36|0x0000000083800000, 0x00000000838ffff8, 0x0000000083900000| 99%| O|  |TAMS 0x00000000838ffff8, 0x0000000083800000| Untracked 
|  37|0x0000000083900000, 0x00000000839ffff0, 0x0000000083a00000| 99%| O|  |TAMS 0x00000000839ffff0, 0x0000000083900000| Untracked 
|  38|0x0000000083a00000, 0x0000000083affff0, 0x0000000083b00000| 99%| O|  |TAMS 0x0000000083affff0, 0x0000000083a00000| Untracked 
|  39|0x0000000083b00000, 0x0000000083bffff0, 0x0000000083c00000| 99%| O|  |TAMS 0x0000000083bffff0, 0x0000000083b00000| Untracked 
|  40|0x0000000083c00000, 0x0000000083cffff0, 0x0000000083d00000| 99%| O|  |TAMS 0x0000000083cffff0, 0x0000000083c00000| Untracked 
|  41|0x0000000083d00000, 0x0000000083e00000, 0x0000000083e00000|100%| O|  |TAMS 0x0000000083e00000, 0x0000000083d00000| Untracked 
|  42|0x0000000083e00000, 0x0000000083efffd8, 0x0000000083f00000| 99%| O|  |TAMS 0x0000000083efffd8, 0x0000000083e00000| Untracked 
|  43|0x0000000083f00000, 0x0000000084000000, 0x0000000084000000|100%| O|  |TAMS 0x0000000084000000, 0x0000000083f00000| Untracked 
|  44|0x0000000084000000, 0x0000000084100000, 0x0000000084100000|100%| O|  |TAMS 0x0000000084100000, 0x0000000084000000| Untracked 
|  45|0x0000000084100000, 0x0000000084200000, 0x0000000084200000|100%| O|  |TAMS 0x0000000084200000, 0x0000000084100000| Untracked 
|  46|0x0000000084200000, 0x00000000842ffff8, 0x0000000084300000| 99%| O|  |TAMS 0x00000000842ffff8, 0x0000000084200000| Untracked 
|  47|0x0000000084300000, 0x0000000084400000, 0x0000000084400000|100%| O|  |TAMS 0x0000000084400000, 0x0000000084300000| Untracked 
|  48|0x0000000084400000, 0x0000000084500000, 0x0000000084500000|100%| O|  |TAMS 0x0000000084500000, 0x0000000084400000| Untracked 
|  49|0x0000000084500000, 0x00000000845fe6f8, 0x0000000084600000| 99%| O|  |TAMS 0x00000000845fe6f8, 0x0000000084500000| Untracked 
|  50|0x0000000084600000, 0x00000000846ffff0, 0x0000000084700000| 99%| O|  |TAMS 0x00000000846ffff0, 0x0000000084600000| Untracked 
|  51|0x0000000084700000, 0x00000000847fffe8, 0x0000000084800000| 99%| O|  |TAMS 0x0000000084700000, 0x0000000084700000| Untracked 
|  52|0x0000000084800000, 0x00000000848fffe0, 0x0000000084900000| 99%| O|  |TAMS 0x0000000084800000, 0x0000000084800000| Untracked 
|  53|0x0000000084900000, 0x00000000849fffe0, 0x0000000084a00000| 99%| O|  |TAMS 0x0000000084900000, 0x0000000084900000| Untracked 
|  54|0x0000000084a00000, 0x0000000084affca0, 0x0000000084b00000| 99%| O|  |TAMS 0x0000000084a00000, 0x0000000084a00000| Untracked 
|  55|0x0000000084b00000, 0x0000000084c00000, 0x0000000084c00000|100%| O|  |TAMS 0x0000000084c00000, 0x0000000084b00000| Untracked 
|  56|0x0000000084c00000, 0x0000000084ca6fc0, 0x0000000084d00000| 65%| O|  |TAMS 0x0000000084c00000, 0x0000000084c00000| Untracked 
|  57|0x0000000084d00000, 0x0000000084d1d528, 0x0000000084e00000| 11%| O|  |TAMS 0x0000000084d00000, 0x0000000084d00000| Untracked 
|  58|0x0000000084e00000, 0x0000000084f00000, 0x0000000084f00000|100%| O|  |TAMS 0x0000000084e00000, 0x0000000084e00000| Untracked 
|  59|0x0000000084f00000, 0x0000000085000000, 0x0000000085000000|100%| O|  |TAMS 0x0000000084f00000, 0x0000000084f00000| Untracked 
|  60|0x0000000085000000, 0x0000000085100000, 0x0000000085100000|100%| O|  |TAMS 0x0000000085000000, 0x0000000085000000| Untracked 
|  61|0x0000000085100000, 0x0000000085200000, 0x0000000085200000|100%| O|  |TAMS 0x0000000085100000, 0x0000000085100000| Untracked 
|  62|0x0000000085200000, 0x0000000085208500, 0x0000000085300000|  3%| O|  |TAMS 0x0000000085200000, 0x0000000085200000| Untracked 
|  63|0x0000000085300000, 0x0000000085372968, 0x0000000085400000| 44%| O|  |TAMS 0x0000000085300000, 0x0000000085300000| Untracked 
|  64|0x0000000085400000, 0x0000000085400000, 0x0000000085500000|  0%| F|  |TAMS 0x0000000085400000, 0x0000000085400000| Untracked 
|  65|0x0000000085500000, 0x0000000085500000, 0x0000000085600000|  0%| F|  |TAMS 0x0000000085500000, 0x0000000085500000| Untracked 
|  66|0x0000000085600000, 0x0000000085600000, 0x0000000085700000|  0%| F|  |TAMS 0x0000000085600000, 0x0000000085600000| Untracked 
|  67|0x0000000085700000, 0x0000000085700000, 0x0000000085800000|  0%| F|  |TAMS 0x0000000085700000, 0x0000000085700000| Untracked 
|  68|0x0000000085800000, 0x0000000085800000, 0x0000000085900000|  0%| F|  |TAMS 0x0000000085800000, 0x0000000085800000| Untracked 
|  69|0x0000000085900000, 0x0000000085900000, 0x0000000085a00000|  0%| F|  |TAMS 0x0000000085900000, 0x0000000085900000| Untracked 
|  70|0x0000000085a00000, 0x0000000085a00000, 0x0000000085b00000|  0%| F|  |TAMS 0x0000000085a00000, 0x0000000085a00000| Untracked 
|  71|0x0000000085b00000, 0x0000000085b00000, 0x0000000085c00000|  0%| F|  |TAMS 0x0000000085b00000, 0x0000000085b00000| Untracked 
|  72|0x0000000085c00000, 0x0000000085c00000, 0x0000000085d00000|  0%| F|  |TAMS 0x0000000085c00000, 0x0000000085c00000| Untracked 
|  73|0x0000000085d00000, 0x0000000085d00000, 0x0000000085e00000|  0%| F|  |TAMS 0x0000000085d00000, 0x0000000085d00000| Untracked 
|  74|0x0000000085e00000, 0x0000000085e00000, 0x0000000085f00000|  0%| F|  |TAMS 0x0000000085e00000, 0x0000000085e00000| Untracked 
|  75|0x0000000085f00000, 0x0000000085f00000, 0x0000000086000000|  0%| F|  |TAMS 0x0000000085f00000, 0x0000000085f00000| Untracked 
|  76|0x0000000086000000, 0x0000000086000000, 0x0000000086100000|  0%| F|  |TAMS 0x0000000086000000, 0x0000000086000000| Untracked 
|  77|0x0000000086100000, 0x0000000086100000, 0x0000000086200000|  0%| F|  |TAMS 0x0000000086100000, 0x0000000086100000| Untracked 
|  78|0x0000000086200000, 0x0000000086200000, 0x0000000086300000|  0%| F|  |TAMS 0x0000000086200000, 0x0000000086200000| Untracked 
|  79|0x0000000086300000, 0x0000000086300000, 0x0000000086400000|  0%| F|  |TAMS 0x0000000086300000, 0x0000000086300000| Untracked 
|  80|0x0000000086400000, 0x0000000086400000, 0x0000000086500000|  0%| F|  |TAMS 0x0000000086400000, 0x0000000086400000| Untracked 
|  81|0x0000000086500000, 0x0000000086500000, 0x0000000086600000|  0%| F|  |TAMS 0x0000000086500000, 0x0000000086500000| Untracked 
|  82|0x0000000086600000, 0x0000000086600000, 0x0000000086700000|  0%| F|  |TAMS 0x0000000086600000, 0x0000000086600000| Untracked 
|  83|0x0000000086700000, 0x00000000867849c0, 0x0000000086800000| 51%| E|CS|TAMS 0x0000000086700000, 0x0000000086700000| Complete 
|  84|0x0000000086800000, 0x0000000086900000, 0x0000000086900000|100%| E|CS|TAMS 0x0000000086800000, 0x0000000086800000| Complete 
|  85|0x0000000086900000, 0x0000000086a00000, 0x0000000086a00000|100%| E|CS|TAMS 0x0000000086900000, 0x0000000086900000| Complete 
|  86|0x0000000086a00000, 0x0000000086b00000, 0x0000000086b00000|100%| E|CS|TAMS 0x0000000086a00000, 0x0000000086a00000| Complete 
|  87|0x0000000086b00000, 0x0000000086c00000, 0x0000000086c00000|100%| E|CS|TAMS 0x0000000086b00000, 0x0000000086b00000| Complete 
|  88|0x0000000086c00000, 0x0000000086c00000, 0x0000000086d00000|  0%| F|  |TAMS 0x0000000086c00000, 0x0000000086c00000| Untracked 
|  89|0x0000000086d00000, 0x0000000086d00000, 0x0000000086e00000|  0%| F|  |TAMS 0x0000000086d00000, 0x0000000086d00000| Untracked 
|  90|0x0000000086e00000, 0x0000000086ef19f0, 0x0000000086f00000| 94%| S|  |TAMS 0x0000000086e00000, 0x0000000086e00000| Complete 
|  91|0x0000000086f00000, 0x0000000087000000, 0x0000000087000000|100%| S|  |TAMS 0x0000000086f00000, 0x0000000086f00000| Complete 
|  92|0x0000000087000000, 0x0000000087100000, 0x0000000087100000|100%| E|CS|TAMS 0x0000000087000000, 0x0000000087000000| Complete 
|  93|0x0000000087100000, 0x0000000087200000, 0x0000000087200000|100%| E|CS|TAMS 0x0000000087100000, 0x0000000087100000| Complete 
|  94|0x0000000087200000, 0x0000000087300000, 0x0000000087300000|100%| E|CS|TAMS 0x0000000087200000, 0x0000000087200000| Complete 
|  95|0x0000000087300000, 0x0000000087400000, 0x0000000087400000|100%| E|CS|TAMS 0x0000000087300000, 0x0000000087300000| Complete 
|  96|0x0000000087400000, 0x0000000087500000, 0x0000000087500000|100%| E|CS|TAMS 0x0000000087400000, 0x0000000087400000| Complete 
|  97|0x0000000087500000, 0x0000000087600000, 0x0000000087600000|100%| E|CS|TAMS 0x0000000087500000, 0x0000000087500000| Complete 
|  98|0x0000000087600000, 0x0000000087700000, 0x0000000087700000|100%| E|CS|TAMS 0x0000000087600000, 0x0000000087600000| Complete 
|  99|0x0000000087700000, 0x0000000087800000, 0x0000000087800000|100%| E|CS|TAMS 0x0000000087700000, 0x0000000087700000| Complete 
| 100|0x0000000087800000, 0x0000000087900000, 0x0000000087900000|100%| E|CS|TAMS 0x0000000087800000, 0x0000000087800000| Complete 
| 101|0x0000000087900000, 0x0000000087a00000, 0x0000000087a00000|100%| E|CS|TAMS 0x0000000087900000, 0x0000000087900000| Complete 
| 102|0x0000000087a00000, 0x0000000087b00000, 0x0000000087b00000|100%| E|CS|TAMS 0x0000000087a00000, 0x0000000087a00000| Complete 
| 103|0x0000000087b00000, 0x0000000087c00000, 0x0000000087c00000|100%| E|CS|TAMS 0x0000000087b00000, 0x0000000087b00000| Complete 
| 104|0x0000000087c00000, 0x0000000087d00000, 0x0000000087d00000|100%| E|CS|TAMS 0x0000000087c00000, 0x0000000087c00000| Complete 
| 105|0x0000000087d00000, 0x0000000087e00000, 0x0000000087e00000|100%| E|CS|TAMS 0x0000000087d00000, 0x0000000087d00000| Complete 
| 106|0x0000000087e00000, 0x0000000087f00000, 0x0000000087f00000|100%| E|CS|TAMS 0x0000000087e00000, 0x0000000087e00000| Complete 
| 107|0x0000000087f00000, 0x0000000088000000, 0x0000000088000000|100%| E|CS|TAMS 0x0000000087f00000, 0x0000000087f00000| Complete 
| 108|0x0000000088000000, 0x0000000088100000, 0x0000000088100000|100%| E|CS|TAMS 0x0000000088000000, 0x0000000088000000| Complete 
| 109|0x0000000088100000, 0x0000000088200000, 0x0000000088200000|100%| E|CS|TAMS 0x0000000088100000, 0x0000000088100000| Complete 
| 110|0x0000000088200000, 0x0000000088300000, 0x0000000088300000|100%| E|CS|TAMS 0x0000000088200000, 0x0000000088200000| Complete 
| 111|0x0000000088300000, 0x0000000088400000, 0x0000000088400000|100%| E|CS|TAMS 0x0000000088300000, 0x0000000088300000| Complete 
| 112|0x0000000088400000, 0x0000000088500000, 0x0000000088500000|100%| E|CS|TAMS 0x0000000088400000, 0x0000000088400000| Complete 
| 113|0x0000000088500000, 0x0000000088600000, 0x0000000088600000|100%| E|CS|TAMS 0x0000000088500000, 0x0000000088500000| Complete 
| 114|0x0000000088600000, 0x0000000088700000, 0x0000000088700000|100%| E|CS|TAMS 0x0000000088600000, 0x0000000088600000| Complete 
| 115|0x0000000088700000, 0x0000000088800000, 0x0000000088800000|100%| E|CS|TAMS 0x0000000088700000, 0x0000000088700000| Complete 
| 116|0x0000000088800000, 0x0000000088900000, 0x0000000088900000|100%| E|CS|TAMS 0x0000000088800000, 0x0000000088800000| Complete 
| 117|0x0000000088900000, 0x0000000088a00000, 0x0000000088a00000|100%| E|CS|TAMS 0x0000000088900000, 0x0000000088900000| Complete 
| 118|0x0000000088a00000, 0x0000000088b00000, 0x0000000088b00000|100%| E|CS|TAMS 0x0000000088a00000, 0x0000000088a00000| Complete 
| 119|0x0000000088b00000, 0x0000000088c00000, 0x0000000088c00000|100%| E|CS|TAMS 0x0000000088b00000, 0x0000000088b00000| Complete 
| 120|0x0000000088c00000, 0x0000000088d00000, 0x0000000088d00000|100%| E|CS|TAMS 0x0000000088c00000, 0x0000000088c00000| Complete 
| 121|0x0000000088d00000, 0x0000000088e00000, 0x0000000088e00000|100%| E|CS|TAMS 0x0000000088d00000, 0x0000000088d00000| Complete 
| 122|0x0000000088e00000, 0x0000000088f00000, 0x0000000088f00000|100%| E|CS|TAMS 0x0000000088e00000, 0x0000000088e00000| Complete 
| 123|0x0000000088f00000, 0x0000000089000000, 0x0000000089000000|100%| E|CS|TAMS 0x0000000088f00000, 0x0000000088f00000| Complete 
| 124|0x0000000089000000, 0x0000000089100000, 0x0000000089100000|100%| E|CS|TAMS 0x0000000089000000, 0x0000000089000000| Complete 
| 125|0x0000000089100000, 0x0000000089200000, 0x0000000089200000|100%| E|CS|TAMS 0x0000000089100000, 0x0000000089100000| Complete 
| 126|0x0000000089200000, 0x0000000089300000, 0x0000000089300000|100%| E|CS|TAMS 0x0000000089200000, 0x0000000089200000| Complete 
| 127|0x0000000089300000, 0x0000000089400000, 0x0000000089400000|100%| E|CS|TAMS 0x0000000089300000, 0x0000000089300000| Complete 
| 128|0x0000000089400000, 0x0000000089500000, 0x0000000089500000|100%| E|CS|TAMS 0x0000000089400000, 0x0000000089400000| Complete 
| 129|0x0000000089500000, 0x0000000089600000, 0x0000000089600000|100%| E|CS|TAMS 0x0000000089500000, 0x0000000089500000| Complete 
| 130|0x0000000089600000, 0x0000000089700000, 0x0000000089700000|100%| E|CS|TAMS 0x0000000089600000, 0x0000000089600000| Complete 
| 131|0x0000000089700000, 0x0000000089800000, 0x0000000089800000|100%| E|CS|TAMS 0x0000000089700000, 0x0000000089700000| Complete 
| 132|0x0000000089800000, 0x0000000089900000, 0x0000000089900000|100%| E|CS|TAMS 0x0000000089800000, 0x0000000089800000| Complete 
| 133|0x0000000089900000, 0x0000000089a00000, 0x0000000089a00000|100%| E|CS|TAMS 0x0000000089900000, 0x0000000089900000| Complete 
| 134|0x0000000089a00000, 0x0000000089b00000, 0x0000000089b00000|100%| E|CS|TAMS 0x0000000089a00000, 0x0000000089a00000| Complete 
| 135|0x0000000089b00000, 0x0000000089c00000, 0x0000000089c00000|100%| E|CS|TAMS 0x0000000089b00000, 0x0000000089b00000| Complete 
| 136|0x0000000089c00000, 0x0000000089d00000, 0x0000000089d00000|100%| E|CS|TAMS 0x0000000089c00000, 0x0000000089c00000| Complete 
| 137|0x0000000089d00000, 0x0000000089e00000, 0x0000000089e00000|100%| E|CS|TAMS 0x0000000089d00000, 0x0000000089d00000| Complete 
| 138|0x0000000089e00000, 0x0000000089f00000, 0x0000000089f00000|100%| E|CS|TAMS 0x0000000089e00000, 0x0000000089e00000| Complete 
| 139|0x0000000089f00000, 0x000000008a000000, 0x000000008a000000|100%| E|CS|TAMS 0x0000000089f00000, 0x0000000089f00000| Complete 
| 140|0x000000008a000000, 0x000000008a100000, 0x000000008a100000|100%| E|CS|TAMS 0x000000008a000000, 0x000000008a000000| Complete 
| 141|0x000000008a100000, 0x000000008a200000, 0x000000008a200000|100%| E|CS|TAMS 0x000000008a100000, 0x000000008a100000| Complete 
| 142|0x000000008a200000, 0x000000008a300000, 0x000000008a300000|100%| E|CS|TAMS 0x000000008a200000, 0x000000008a200000| Complete 
| 143|0x000000008a300000, 0x000000008a400000, 0x000000008a400000|100%| E|CS|TAMS 0x000000008a300000, 0x000000008a300000| Complete 
| 144|0x000000008a400000, 0x000000008a500000, 0x000000008a500000|100%| E|CS|TAMS 0x000000008a400000, 0x000000008a400000| Complete 
| 145|0x000000008a500000, 0x000000008a600000, 0x000000008a600000|100%| E|CS|TAMS 0x000000008a500000, 0x000000008a500000| Complete 
| 146|0x000000008a600000, 0x000000008a700000, 0x000000008a700000|100%| E|CS|TAMS 0x000000008a600000, 0x000000008a600000| Complete 
| 147|0x000000008a700000, 0x000000008a800000, 0x000000008a800000|100%| E|CS|TAMS 0x000000008a700000, 0x000000008a700000| Complete 
| 148|0x000000008a800000, 0x000000008a900000, 0x000000008a900000|100%| E|CS|TAMS 0x000000008a800000, 0x000000008a800000| Complete 
| 149|0x000000008a900000, 0x000000008aa00000, 0x000000008aa00000|100%| E|CS|TAMS 0x000000008a900000, 0x000000008a900000| Complete 
| 150|0x000000008aa00000, 0x000000008ab00000, 0x000000008ab00000|100%| E|CS|TAMS 0x000000008aa00000, 0x000000008aa00000| Complete 

Card table byte_map: [0x0000023fcc530000,0x0000023fcc930000] _byte_map_base: 0x0000023fcc126000

Marking Bits (Prev, Next): (CMBitMap*) 0x0000023fb58716e0, (CMBitMap*) 0x0000023fb58716a0
 Prev Bits: [0x0000023fcece0000, 0x0000023fd0c90000)
 Next Bits: [0x0000023fccd30000, 0x0000023fcece0000)

Polling page: 0x0000023fb3570000

Metaspace:

Usage:
  Non-class:     72.54 MB used.
      Class:      9.06 MB used.
       Both:     81.60 MB used.

Virtual space:
  Non-class space:      128.00 MB reserved,      74.81 MB ( 58%) committed,  2 nodes.
      Class space:        1.00 GB reserved,      10.38 MB (  1%) committed,  1 nodes.
             Both:        1.12 GB reserved,      85.19 MB (  7%) committed. 

Chunk freelists:
   Non-Class:  14.39 MB
       Class:  2.35 MB
        Both:  16.74 MB

MaxMetaspaceSize: unlimited
CompressedClassSpaceSize: 1.00 GB
Initial GC threshold: 21.00 MB
Current GC threshold: 161.69 MB
CDS: on
MetaspaceReclaimPolicy: balanced
 - commit_granule_bytes: 65536.
 - commit_granule_words: 8192.
 - virtual_space_node_default_size: 8388608.
 - enlarge_chunks_in_place: 1.
 - new_chunks_are_fully_committed: 0.
 - uncommit_free_chunks: 1.
 - use_allocation_guard: 0.


Internal statistics:

num_allocs_failed_limit: 12.
num_arena_births: 2144.
num_arena_deaths: 966.
num_vsnodes_births: 3.
num_vsnodes_deaths: 0.
num_space_committed: 1565.
num_space_uncommitted: 140.
num_chunks_returned_to_freelist: 2646.
num_chunks_taken_from_freelist: 7671.
num_chunk_merges: 543.
num_chunk_splits: 4230.
num_chunks_enlarged: 2963.
num_inconsistent_stats: 0.

CodeHeap 'non-profiled nmethods': size=120000Kb used=21030Kb max_used=21030Kb free=98969Kb
 bounds [0x0000023fc4c00000, 0x0000023fc6090000, 0x0000023fcc130000]
CodeHeap 'profiled nmethods': size=120000Kb used=38047Kb max_used=38047Kb free=81952Kb
 bounds [0x0000023fbd6d0000, 0x0000023fbfc00000, 0x0000023fc4c00000]
CodeHeap 'non-nmethods': size=5760Kb used=1396Kb max_used=1458Kb free=4363Kb
 bounds [0x0000023fbd130000, 0x0000023fbd3a0000, 0x0000023fbd6d0000]
 total_blobs=18418 nmethods=17780 adapters=549
 compilation: enabled
              stopped_count=0, restarted_count=0
 full_count=0

Compilation events (20 events):
Event: 11793.613 Thread 0x0000023fd318dd60 23388       3       org.springframework.data.mapping.context.AbstractMappingContext$PersistentPropertyCreator$$Lambda$831/0x00000008012415d8::apply (12 bytes)
Event: 11793.614 Thread 0x0000023fd318dd60 nmethod 23388 0x0000023fbe911890 code [0x0000023fbe911a40, 0x0000023fbe911de8]
Event: 11793.614 Thread 0x0000023fd318dd60 23389       3       org.springframework.data.mapping.context.AbstractMappingContext$PersistentPropertyCreator::lambda$addPropertiesForRemainingDescriptors$2 (14 bytes)
Event: 11793.614 Thread 0x0000023fd318dd60 nmethod 23389 0x0000023fbe823990 code [0x0000023fbe823b40, 0x0000023fbe823d68]
Event: 11793.614 Thread 0x0000023fd318dd60 23390       3       org.springframework.data.mapping.model.Property::of (22 bytes)
Event: 11793.615 Thread 0x0000023fd318dd60 nmethod 23390 0x0000023fbfbf5d10 code [0x0000023fbfbf5f20, 0x0000023fbfbf65e8]
Event: 11793.615 Thread 0x0000023fd318dd60 23391       3       org.springframework.data.mapping.model.Property$$Lambda$768/0x0000000801237290::apply (12 bytes)
Event: 11793.615 Thread 0x0000023fd318dd60 nmethod 23391 0x0000023fbfbf6910 code [0x0000023fbfbf6ae0, 0x0000023fbfbf6fb8]
Event: 11793.615 Thread 0x0000023fd318dd60 23392       3       org.springframework.data.mapping.model.Property::lambda$new$1 (16 bytes)
Event: 11793.616 Thread 0x0000023fd318dd60 nmethod 23392 0x0000023fbfbf7190 code [0x0000023fbfbf7340, 0x0000023fbfbf7698]
Event: 11793.616 Thread 0x0000023fd318dd60 23393       3       org.springframework.data.util.TypeDiscoverer$$Lambda$834/0x0000000801241c68::apply (12 bytes)
Event: 11793.616 Thread 0x0000023fd318dd60 nmethod 23393 0x0000023fbfbf7810 code [0x0000023fbfbf79e0, 0x0000023fbfbf7d58]
Event: 11793.661 Thread 0x0000023fd31289f0 23394   !   4       jdk.proxy2.$Proxy90::annotationType (29 bytes)
Event: 11793.663 Thread 0x0000023fd31289f0 nmethod 23394 0x0000023fc6088410 code [0x0000023fc6088580, 0x0000023fc6088638]
Event: 11799.533 Thread 0x0000023fd31289f0 23395       4       java.util.HashMap::resize (356 bytes)
Event: 11799.553 Thread 0x0000023fd31289f0 nmethod 23395 0x0000023fc6088710 code [0x0000023fc60888e0, 0x0000023fc6089568]
Event: 11884.237 Thread 0x0000023fd318dd60 23396       3       org.eclipse.jdt.launching.internal.org.objectweb.asm.ClassWriter::toByteArray (1535 bytes)
Event: 11884.248 Thread 0x0000023fd318dd60 nmethod 23396 0x0000023fbfbf7e90 code [0x0000023fbfbf8760, 0x0000023fbfbfc578]
Event: 11885.889 Thread 0x0000023fd318dd60 23397       3       org.springframework.boot.devtools.autoconfigure.FileWatchingFailureHandler$Listener::onChange (8 bytes)
Event: 11885.889 Thread 0x0000023fd318dd60 nmethod 23397 0x0000023fbfbfe910 code [0x0000023fbfbfeae0, 0x0000023fbfbfedb8]

GC Heap History (20 events):
Event: 11533.531 GC heap after
{Heap after GC invocations=270 (full 74):
 garbage-first heap   total 126976K, used 61001K [0x0000000081400000, 0x0000000100000000)
  region size 1024K, 4 young (4096K), 4 survivors (4096K)
 Metaspace       used 82215K, committed 87168K, reserved 1179648K
  class space    used 9209K, committed 10624K, reserved 1048576K
}
Event: 11534.454 GC heap before
{Heap before GC invocations=271 (full 74):
 garbage-first heap   total 126976K, used 102985K [0x0000000081400000, 0x0000000100000000)
  region size 1024K, 46 young (47104K), 4 survivors (4096K)
 Metaspace       used 82365K, committed 87168K, reserved 1179648K
  class space    used 9186K, committed 10624K, reserved 1048576K
}
Event: 11534.467 GC heap after
{Heap after GC invocations=272 (full 74):
 garbage-first heap   total 126976K, used 64138K [0x0000000081400000, 0x0000000100000000)
  region size 1024K, 4 young (4096K), 4 survivors (4096K)
 Metaspace       used 82365K, committed 87168K, reserved 1179648K
  class space    used 9186K, committed 10624K, reserved 1048576K
}
Event: 11581.386 GC heap before
{Heap before GC invocations=272 (full 74):
 garbage-first heap   total 126976K, used 103050K [0x0000000081400000, 0x0000000100000000)
  region size 1024K, 42 young (43008K), 4 survivors (4096K)
 Metaspace       used 82415K, committed 87168K, reserved 1179648K
  class space    used 9189K, committed 10624K, reserved 1048576K
}
Event: 11581.394 GC heap after
{Heap after GC invocations=273 (full 74):
 garbage-first heap   total 126976K, used 65168K [0x0000000081400000, 0x0000000100000000)
  region size 1024K, 2 young (2048K), 2 survivors (2048K)
 Metaspace       used 82415K, committed 87168K, reserved 1179648K
  class space    used 9189K, committed 10624K, reserved 1048576K
}
Event: 11668.294 GC heap before
{Heap before GC invocations=274 (full 74):
 garbage-first heap   total 126976K, used 104080K [0x0000000081400000, 0x0000000100000000)
  region size 1024K, 40 young (40960K), 2 survivors (2048K)
 Metaspace       used 82413K, committed 87168K, reserved 1179648K
  class space    used 9189K, committed 10624K, reserved 1048576K
}
Event: 11668.304 GC heap after
{Heap after GC invocations=275 (full 74):
 garbage-first heap   total 126976K, used 65023K [0x0000000081400000, 0x0000000100000000)
  region size 1024K, 2 young (2048K), 2 survivors (2048K)
 Metaspace       used 82413K, committed 87168K, reserved 1179648K
  class space    used 9189K, committed 10624K, reserved 1048576K
}
Event: 11674.256 GC heap before
{Heap before GC invocations=275 (full 74):
 garbage-first heap   total 126976K, used 68095K [0x0000000081400000, 0x0000000100000000)
  region size 1024K, 6 young (6144K), 2 survivors (2048K)
 Metaspace       used 82426K, committed 87168K, reserved 1179648K
  class space    used 9192K, committed 10624K, reserved 1048576K
}
Event: 11674.441 GC heap after
{Heap after GC invocations=276 (full 75):
 garbage-first heap   total 126976K, used 58289K [0x0000000081400000, 0x0000000100000000)
  region size 1024K, 0 young (0K), 0 survivors (0K)
 Metaspace       used 82426K, committed 87168K, reserved 1179648K
  class space    used 9192K, committed 10624K, reserved 1048576K
}
Event: 11675.042 GC heap before
{Heap before GC invocations=276 (full 75):
 garbage-first heap   total 126976K, used 104369K [0x0000000081400000, 0x0000000100000000)
  region size 1024K, 46 young (47104K), 0 survivors (0K)
 Metaspace       used 82520K, committed 87168K, reserved 1179648K
  class space    used 9204K, committed 10624K, reserved 1048576K
}
Event: 11675.049 GC heap after
{Heap after GC invocations=277 (full 75):
 garbage-first heap   total 126976K, used 61811K [0x0000000081400000, 0x0000000100000000)
  region size 1024K, 4 young (4096K), 4 survivors (4096K)
 Metaspace       used 82520K, committed 87168K, reserved 1179648K
  class space    used 9204K, committed 10624K, reserved 1048576K
}
Event: 11675.834 GC heap before
{Heap before GC invocations=278 (full 75):
 garbage-first heap   total 126976K, used 104819K [0x0000000081400000, 0x0000000100000000)
  region size 1024K, 46 young (47104K), 4 survivors (4096K)
 Metaspace       used 82812K, committed 87232K, reserved 1179648K
  class space    used 9224K, committed 10624K, reserved 1048576K
}
Event: 11675.846 GC heap after
{Heap after GC invocations=279 (full 75):
 garbage-first heap   total 126976K, used 64812K [0x0000000081400000, 0x0000000100000000)
  region size 1024K, 4 young (4096K), 4 survivors (4096K)
 Metaspace       used 82812K, committed 87232K, reserved 1179648K
  class space    used 9224K, committed 10624K, reserved 1048576K
}
Event: 11722.803 GC heap before
{Heap before GC invocations=279 (full 75):
 garbage-first heap   total 126976K, used 104748K [0x0000000081400000, 0x0000000100000000)
  region size 1024K, 43 young (44032K), 4 survivors (4096K)
 Metaspace       used 82856K, committed 87232K, reserved 1179648K
  class space    used 9227K, committed 10624K, reserved 1048576K
}
Event: 11722.824 GC heap after
{Heap after GC invocations=280 (full 75):
 garbage-first heap   total 154624K, used 66087K [0x0000000081400000, 0x0000000100000000)
  region size 1024K, 2 young (2048K), 2 survivors (2048K)
 Metaspace       used 82856K, committed 87232K, reserved 1179648K
  class space    used 9227K, committed 10624K, reserved 1048576K
}
Event: 11792.119 GC heap before
{Heap before GC invocations=281 (full 75):
 garbage-first heap   total 154624K, used 97831K [0x0000000081400000, 0x0000000100000000)
  region size 1024K, 34 young (34816K), 2 survivors (2048K)
 Metaspace       used 82896K, committed 87232K, reserved 1179648K
  class space    used 9229K, committed 10624K, reserved 1048576K
}
Event: 11792.293 GC heap after
{Heap after GC invocations=282 (full 76):
 garbage-first heap   total 154624K, used 58579K [0x0000000081400000, 0x0000000100000000)
  region size 1024K, 0 young (0K), 0 survivors (0K)
 Metaspace       used 82896K, committed 87232K, reserved 1179648K
  class space    used 9229K, committed 10624K, reserved 1048576K
}
Event: 11793.564 GC heap before
{Heap before GC invocations=282 (full 76):
 garbage-first heap   total 154624K, used 122067K [0x0000000081400000, 0x0000000100000000)
  region size 1024K, 63 young (64512K), 0 survivors (0K)
 Metaspace       used 83083K, committed 87232K, reserved 1179648K
  class space    used 9249K, committed 10624K, reserved 1048576K
}
Event: 11793.575 GC heap after
{Heap after GC invocations=283 (full 76):
 garbage-first heap   total 154624K, used 63205K [0x0000000081400000, 0x0000000100000000)
  region size 1024K, 5 young (5120K), 5 survivors (5120K)
 Metaspace       used 83083K, committed 87232K, reserved 1179648K
  class space    used 9249K, committed 10624K, reserved 1048576K
}
Event: 11889.135 GC heap before
{Heap before GC invocations=283 (full 76):
 garbage-first heap   total 154624K, used 123621K [0x0000000081400000, 0x0000000100000000)
  region size 1024K, 64 young (65536K), 5 survivors (5120K)
 Metaspace       used 83558K, committed 87232K, reserved 1179648K
  class space    used 9276K, committed 10624K, reserved 1048576K
}

Deoptimization events (20 events):
Event: 11793.670 Thread 0x0000023fd9f0f8b0 DEOPT PACKING pc=0x0000023fbdec8524 sp=0x000000ce26efc090
Event: 11793.670 Thread 0x0000023fd9f0f8b0 DEOPT UNPACKING pc=0x0000023fbd182b43 sp=0x000000ce26efb540 mode 1
Event: 11793.670 Thread 0x0000023fd9f0f8b0 DEOPT PACKING pc=0x0000023fbeb1b504 sp=0x000000ce26efc100
Event: 11793.670 Thread 0x0000023fd9f0f8b0 DEOPT UNPACKING pc=0x0000023fbd182b43 sp=0x000000ce26efb5a8 mode 1
Event: 11793.670 Thread 0x0000023fd9f0f8b0 DEOPT PACKING pc=0x0000023fbeb07144 sp=0x000000ce26efc180
Event: 11793.670 Thread 0x0000023fd9f0f8b0 DEOPT UNPACKING pc=0x0000023fbd182b43 sp=0x000000ce26efb6b0 mode 1
Event: 11793.676 Thread 0x0000023fd9f0f8b0 Uncommon trap: trap_request=0xffffff97 fr.pc=0x0000023fc533d1b4 relative=0x00000000000024d4
Event: 11793.676 Thread 0x0000023fd9f0f8b0 Uncommon trap: reason=unhandled action=none pc=0x0000023fc533d1b4 method=java.net.URLClassLoader.findClass(Ljava/lang/String;)Ljava/lang/Class; @ 44 c2
Event: 11793.676 Thread 0x0000023fd9f0f8b0 DEOPT PACKING pc=0x0000023fc533d1b4 sp=0x000000ce26efa300
Event: 11793.676 Thread 0x0000023fd9f0f8b0 DEOPT UNPACKING pc=0x0000023fbd1823a3 sp=0x000000ce26efa238 mode 2
Event: 11793.678 Thread 0x0000023fd9f0f8b0 Uncommon trap: trap_request=0xffffff97 fr.pc=0x0000023fc533d1b4 relative=0x00000000000024d4
Event: 11793.678 Thread 0x0000023fd9f0f8b0 Uncommon trap: reason=unhandled action=none pc=0x0000023fc533d1b4 method=java.net.URLClassLoader.findClass(Ljava/lang/String;)Ljava/lang/Class; @ 44 c2
Event: 11793.678 Thread 0x0000023fd9f0f8b0 DEOPT PACKING pc=0x0000023fc533d1b4 sp=0x000000ce26efceb0
Event: 11793.678 Thread 0x0000023fd9f0f8b0 DEOPT UNPACKING pc=0x0000023fbd1823a3 sp=0x000000ce26efcde8 mode 2
Event: 11803.110 Thread 0x0000023fd9f0fd80 Uncommon trap: trap_request=0xffffff5c fr.pc=0x0000023fc5eb04ec relative=0x00000000000012cc
Event: 11803.110 Thread 0x0000023fd9f0fd80 Uncommon trap: reason=speculate_null_check action=make_not_entrant pc=0x0000023fc5eb04ec method=java.util.concurrent.locks.AbstractQueuedSynchronizer.enqueue(Ljava/util/concurrent/locks/AbstractQueuedSynchronizer$Node;)V @ 15 c2
Event: 11803.110 Thread 0x0000023fd9f0fd80 DEOPT PACKING pc=0x0000023fc5eb04ec sp=0x000000ce277ff4d0
Event: 11803.110 Thread 0x0000023fd9f0fd80 DEOPT UNPACKING pc=0x0000023fbd1823a3 sp=0x000000ce277ff288 mode 2
Event: 11814.148 Thread 0x0000023fd9f0f8b0 DEOPT PACKING pc=0x0000023fc5649848 sp=0x000000ce26efe350
Event: 11814.148 Thread 0x0000023fd9f0f8b0 DEOPT UNPACKING pc=0x0000023fbd182b43 sp=0x000000ce26efd7d8 mode 0

Classes loaded (20 events):
Event: 11675.905 Loading class java/lang/ObjectCustomizer
Event: 11675.905 Loading class java/lang/ObjectCustomizer done
Event: 11675.905 Loading class java/lang/ObjectCustomizer
Event: 11675.905 Loading class java/lang/ObjectCustomizer done
Event: 11687.637 Loading class java/lang/ObjectCustomizer
Event: 11687.637 Loading class java/lang/ObjectCustomizer done
Event: 11687.638 Loading class java/lang/ObjectCustomizer
Event: 11687.638 Loading class java/lang/ObjectCustomizer done
Event: 11793.609 Loading class java/lang/ObjectCustomizer
Event: 11793.609 Loading class java/lang/ObjectCustomizer done
Event: 11793.610 Loading class java/lang/ObjectCustomizer
Event: 11793.610 Loading class java/lang/ObjectCustomizer done
Event: 11793.634 Loading class java/lang/ObjectCustomizer
Event: 11793.634 Loading class java/lang/ObjectCustomizer done
Event: 11793.634 Loading class java/lang/ObjectCustomizer
Event: 11793.634 Loading class java/lang/ObjectCustomizer done
Event: 11793.659 Loading class java/lang/ObjectCustomizer
Event: 11793.659 Loading class java/lang/ObjectCustomizer done
Event: 11793.660 Loading class java/lang/ObjectCustomizer
Event: 11793.660 Loading class java/lang/ObjectCustomizer done

Classes unloaded (20 events):
Event: 11533.872 Thread 0x0000023fd3104880 Unloading class 0x00000008015a4c00 'java/lang/invoke/LambdaForm$MH+0x00000008015a4c00'
Event: 11533.872 Thread 0x0000023fd3104880 Unloading class 0x00000008015fb400 'java/lang/invoke/LambdaForm$MH+0x00000008015fb400'
Event: 11533.872 Thread 0x0000023fd3104880 Unloading class 0x0000000801610400 'java/lang/invoke/LambdaForm$MH+0x0000000801610400'
Event: 11533.872 Thread 0x0000023fd3104880 Unloading class 0x0000000801610000 'java/lang/invoke/LambdaForm$MH+0x0000000801610000'
Event: 11533.872 Thread 0x0000023fd3104880 Unloading class 0x000000080166c400 'java/lang/invoke/LambdaForm$BMH+0x000000080166c400'
Event: 11533.872 Thread 0x0000023fd3104880 Unloading class 0x00000008016c0800 'java/lang/invoke/LambdaForm$MH+0x00000008016c0800'
Event: 11533.872 Thread 0x0000023fd3104880 Unloading class 0x00000008016c2400 'java/lang/invoke/LambdaForm$MH+0x00000008016c2400'
Event: 11533.872 Thread 0x0000023fd3104880 Unloading class 0x00000008016d4c00 'java/lang/invoke/LambdaForm$MH+0x00000008016d4c00'
Event: 11533.872 Thread 0x0000023fd3104880 Unloading class 0x00000008016d4800 'java/lang/invoke/LambdaForm$MH+0x00000008016d4800'
Event: 11533.872 Thread 0x0000023fd3104880 Unloading class 0x0000000800df4000 'java/lang/invoke/LambdaForm$MH+0x0000000800df4000'
Event: 11533.872 Thread 0x0000023fd3104880 Unloading class 0x0000000800ef1400 'java/lang/invoke/LambdaForm$MH+0x0000000800ef1400'
Event: 11533.872 Thread 0x0000023fd3104880 Unloading class 0x0000000800f8d000 'java/lang/invoke/LambdaForm$MH+0x0000000800f8d000'
Event: 11533.872 Thread 0x0000023fd3104880 Unloading class 0x0000000801426000 'java/lang/invoke/LambdaForm$MH+0x0000000801426000'
Event: 11533.872 Thread 0x0000023fd3104880 Unloading class 0x000000080146c400 'java/lang/invoke/LambdaForm$MH+0x000000080146c400'
Event: 11533.872 Thread 0x0000023fd3104880 Unloading class 0x0000000801480800 'java/lang/invoke/LambdaForm$MH+0x0000000801480800'
Event: 11533.872 Thread 0x0000023fd3104880 Unloading class 0x00000008012a8800 'java/lang/invoke/LambdaForm$MH+0x00000008012a8800'
Event: 11533.872 Thread 0x0000023fd3104880 Unloading class 0x0000000801600c00 'java/lang/invoke/LambdaForm$MH+0x0000000801600c00'
Event: 11533.872 Thread 0x0000023fd3104880 Unloading class 0x0000000801602400 'java/lang/invoke/LambdaForm$MH+0x0000000801602400'
Event: 11581.582 Thread 0x0000023fd3104880 Unloading class 0x0000000800fac800 'org/apache/catalina/loader/JdbcLeakPrevention'
Event: 11722.995 Thread 0x0000023fd3104880 Unloading class 0x0000000800fac800 'org/apache/catalina/loader/JdbcLeakPrevention'

Classes redefined (20 events):
Event: 11673.251 Thread 0x0000023fd3104880 redefined class name=com.example.Fortunemvn.service.EmailService, count=1
Event: 11673.251 Thread 0x0000023fd3104880 redefined class name=com.example.Fortunemvn.service.EmailService, count=1
Event: 11673.251 Thread 0x0000023fd3104880 redefined class name=com.example.Fortunemvn.service.EmailService, count=1
Event: 11673.251 Thread 0x0000023fd3104880 redefined class name=com.example.Fortunemvn.service.EmailService, count=1
Event: 11673.251 Thread 0x0000023fd3104880 redefined class name=com.example.Fortunemvn.service.EmailService, count=1
Event: 11673.251 Thread 0x0000023fd3104880 redefined class name=com.example.Fortunemvn.service.EmailService, count=1
Event: 11673.251 Thread 0x0000023fd3104880 redefined class name=com.example.Fortunemvn.service.EmailService, count=1
Event: 11673.251 Thread 0x0000023fd3104880 redefined class name=com.example.Fortunemvn.service.EmailService, count=1
Event: 11673.251 Thread 0x0000023fd3104880 redefined class name=com.example.Fortunemvn.service.EmailService, count=1
Event: 11673.251 Thread 0x0000023fd3104880 redefined class name=com.example.Fortunemvn.service.EmailService, count=1
Event: 11673.251 Thread 0x0000023fd3104880 redefined class name=com.example.Fortunemvn.service.EmailService, count=1
Event: 11673.251 Thread 0x0000023fd3104880 redefined class name=com.example.Fortunemvn.service.EmailService, count=1
Event: 11673.251 Thread 0x0000023fd3104880 redefined class name=com.example.Fortunemvn.service.EmailService, count=1
Event: 11673.251 Thread 0x0000023fd3104880 redefined class name=com.example.Fortunemvn.service.EmailService, count=1
Event: 11673.251 Thread 0x0000023fd3104880 redefined class name=com.example.Fortunemvn.service.EmailService, count=1
Event: 11673.251 Thread 0x0000023fd3104880 redefined class name=com.example.Fortunemvn.service.EmailService, count=1
Event: 11673.251 Thread 0x0000023fd3104880 redefined class name=com.example.Fortunemvn.service.EmailService, count=1
Event: 11673.251 Thread 0x0000023fd3104880 redefined class name=com.example.Fortunemvn.service.EmailService, count=1
Event: 11673.251 Thread 0x0000023fd3104880 redefined class name=com.example.Fortunemvn.service.EmailService, count=1
Event: 11673.251 Thread 0x0000023fd3104880 redefined class name=com.example.Fortunemvn.service.EmailService, count=1

Internal exceptions (20 events):
Event: 11792.319 Thread 0x0000023fd9f0f8b0 Exception <a 'sun/nio/fs/WindowsException'{0x000000008aad07f8}> (0x000000008aad07f8) 
thrown [t:\workspace\open\src\hotspot\share\prims\jni.cpp, line 516]
Event: 11792.932 Thread 0x0000023fd9f0f8b0 Exception <a 'java/lang/NoClassDefFoundError'{0x00000000882c8480}: org/flywaydb/core/Flyway> (0x00000000882c8480) 
thrown [t:\workspace\open\src\hotspot\share\oops\constantPool.cpp, line 836]
Event: 11792.933 Thread 0x0000023fd9f0f8b0 Exception <a 'java/lang/NoClassDefFoundError'{0x00000000882c8ad0}: liquibase/integration/spring/SpringLiquibase> (0x00000000882c8ad0) 
thrown [t:\workspace\open\src\hotspot\share\oops\constantPool.cpp, line 836]
Event: 11792.938 Thread 0x0000023fd9f0f8b0 Exception <a 'java/lang/NoClassDefFoundError'{0x000000008813ab80}: org/jooq/DSLContext> (0x000000008813ab80) 
thrown [t:\workspace\open\src\hotspot\share\oops\constantPool.cpp, line 836]
Event: 11792.940 Thread 0x0000023fd9f0f8b0 Exception <a 'java/lang/NoClassDefFoundError'{0x000000008814a840}: org/springframework/batch/core/repository/JobRepository> (0x000000008814a840) 
thrown [t:\workspace\open\src\hotspot\share\oops\constantPool.cpp, line 836]
Event: 11792.941 Thread 0x0000023fd9f0f8b0 Exception <a 'java/lang/NoClassDefFoundError'{0x000000008814ae88}: org/quartz/Scheduler> (0x000000008814ae88) 
thrown [t:\workspace\open\src\hotspot\share\oops\constantPool.cpp, line 836]
Event: 11792.942 Thread 0x0000023fd9f0f8b0 Exception <a 'java/lang/NoClassDefFoundError'{0x000000008814b4f8}: org/springframework/session/jdbc/JdbcIndexedSessionRepository> (0x000000008814b4f8) 
thrown [t:\workspace\open\src\hotspot\share\oops\constantPool.cpp, line 836]
Event: 11792.980 Thread 0x0000023fd9f0f8b0 Exception <a 'sun/nio/fs/WindowsException'{0x0000000087b58f98}> (0x0000000087b58f98) 
thrown [t:\workspace\open\src\hotspot\share\prims\jni.cpp, line 516]
Event: 11792.980 Thread 0x0000023fd9f0f8b0 Exception <a 'sun/nio/fs/WindowsException'{0x0000000087b596c0}> (0x0000000087b596c0) 
thrown [t:\workspace\open\src\hotspot\share\prims\jni.cpp, line 516]
Event: 11792.980 Thread 0x0000023fd9f0f8b0 Exception <a 'sun/nio/fs/WindowsException'{0x0000000087b59db8}> (0x0000000087b59db8) 
thrown [t:\workspace\open\src\hotspot\share\prims\jni.cpp, line 516]
Event: 11792.995 Thread 0x0000023fd9f0f8b0 Exception <a 'java/io/FileNotFoundException'{0x0000000087b953a8}> (0x0000000087b953a8) 
thrown [t:\workspace\open\src\hotspot\share\prims\jni.cpp, line 516]
Event: 11793.104 Thread 0x0000023fd9f0f8b0 Exception <a 'java/io/FileNotFoundException'{0x000000008766fdc8}> (0x000000008766fdc8) 
thrown [t:\workspace\open\src\hotspot\share\prims\jni.cpp, line 516]
Event: 11793.563 Thread 0x0000023fd9f0f8b0 Exception <a 'java/io/FileNotFoundException'{0x0000000086cf4d68}> (0x0000000086cf4d68) 
thrown [t:\workspace\open\src\hotspot\share\prims\jni.cpp, line 516]
Event: 11793.563 Thread 0x0000023fd9f0f8b0 Exception <a 'java/io/FileNotFoundException'{0x0000000086cf5a98}> (0x0000000086cf5a98) 
thrown [t:\workspace\open\src\hotspot\share\prims\jni.cpp, line 516]
Event: 11793.610 Thread 0x0000023fd9f0f8b0 Exception <a 'java/lang/ClassNotFoundException'{0x000000008a870e40}: java/lang/ObjectCustomizer> (0x000000008a870e40) 
thrown [t:\workspace\open\src\hotspot\share\classfile\systemDictionary.cpp, line 255]
Event: 11793.611 Thread 0x0000023fd9f0f8b0 Exception <a 'java/lang/ClassNotFoundException'{0x000000008a8797f8}: com/example/Fortunemvn/studentRepo/OTPCustomizer> (0x000000008a8797f8) 
thrown [t:\workspace\open\src\hotspot\share\classfile\systemDictionary.cpp, line 255]
Event: 11793.634 Thread 0x0000023fd9f0f8b0 Exception <a 'java/lang/ClassNotFoundException'{0x000000008a3cd120}: java/lang/ObjectCustomizer> (0x000000008a3cd120) 
thrown [t:\workspace\open\src\hotspot\share\classfile\systemDictionary.cpp, line 255]
Event: 11793.635 Thread 0x0000023fd9f0f8b0 Exception <a 'java/lang/ClassNotFoundException'{0x000000008a3d5208}: com/example/Fortunemvn/studentRepo/Events_registrationCustomizer> (0x000000008a3d5208) 
thrown [t:\workspace\open\src\hotspot\share\classfile\systemDictionary.cpp, line 255]
Event: 11793.660 Thread 0x0000023fd9f0f8b0 Exception <a 'java/lang/ClassNotFoundException'{0x0000000089f64118}: java/lang/ObjectCustomizer> (0x0000000089f64118) 
thrown [t:\workspace\open\src\hotspot\share\classfile\systemDictionary.cpp, line 255]
Event: 11793.661 Thread 0x0000023fd9f0f8b0 Exception <a 'java/lang/ClassNotFoundException'{0x0000000089f6c150}: com/example/Fortunemvn/studentRepo/Registered_usersCustomizer> (0x0000000089f6c150) 
thrown [t:\workspace\open\src\hotspot\share\classfile\systemDictionary.cpp, line 255]

VM Operations (20 events):
Event: 11872.538 Executing VM operation: get/set locals done
Event: 11872.539 Executing VM operation: get/set locals
Event: 11872.539 Executing VM operation: get/set locals done
Event: 11872.539 Executing VM operation: get/set locals
Event: 11872.539 Executing VM operation: get/set locals done
Event: 11872.540 Executing VM operation: get/set locals
Event: 11872.540 Executing VM operation: get/set locals done
Event: 11872.540 Executing VM operation: get/set locals
Event: 11872.540 Executing VM operation: get/set locals done
Event: 11872.541 Executing VM operation: get/set locals
Event: 11872.541 Executing VM operation: get/set locals done
Event: 11872.541 Executing VM operation: get/set locals
Event: 11872.542 Executing VM operation: get/set locals done
Event: 11872.542 Executing VM operation: get/set locals
Event: 11872.543 Executing VM operation: get/set locals done
Event: 11872.543 Executing VM operation: get/set locals
Event: 11872.543 Executing VM operation: get/set locals done
Event: 11872.544 Executing VM operation: get/set locals
Event: 11872.544 Executing VM operation: get/set locals done
Event: 11889.135 Executing VM operation: G1CollectForAllocation

Events (20 events):
Event: 11792.097 Thread 0x0000023fd8abda60 Thread exited: 0x0000023fd8abda60
Event: 11792.098 Thread 0x0000023fdcfc9420 Thread exited: 0x0000023fdcfc9420
Event: 11792.099 Thread 0x0000023fdcfd02d0 Thread exited: 0x0000023fdcfd02d0
Event: 11792.101 Thread 0x0000023fdcfcd780 Thread exited: 0x0000023fdcfcd780
Event: 11792.103 Thread 0x0000023fd9f0ef10 Thread added: 0x0000023fd9f0ef10
Event: 11792.104 Thread 0x0000023fdc9fbe90 Thread exited: 0x0000023fdc9fbe90
Event: 11792.118 Thread 0x0000023fd9f0ef10 Thread exited: 0x0000023fd9f0ef10
Event: 11792.294 Thread 0x0000023fd9f0ef10 Thread added: 0x0000023fd9f0ef10
Event: 11792.295 Thread 0x0000023fd9f0f8b0 Thread added: 0x0000023fd9f0f8b0
Event: 11792.295 Thread 0x0000023fd9f0ef10 Thread exited: 0x0000023fd9f0ef10
Event: 11792.589 Thread 0x0000023fd9f0ef10 Thread added: 0x0000023fd9f0ef10
Event: 11792.640 Thread 0x0000023fd9f0ef10 Thread exited: 0x0000023fd9f0ef10
Event: 11793.096 Thread 0x0000023fd9f0ef10 Thread added: 0x0000023fd9f0ef10
Event: 11793.105 Thread 0x0000023fd9f0fd80 Thread added: 0x0000023fd9f0fd80
Event: 11793.105 Thread 0x0000023fd8abb3e0 Thread added: 0x0000023fd8abb3e0
Event: 11793.105 Thread 0x0000023fd8abdf30 Thread added: 0x0000023fd8abdf30
Event: 11793.226 Thread 0x0000023fd8abd590 Thread added: 0x0000023fd8abd590
Event: 11793.518 Thread 0x0000023fd8fde1b0 Thread added: 0x0000023fd8fde1b0
Event: 11793.661 Thread 0x0000023fd8fde1b0 Thread exited: 0x0000023fd8fde1b0
Event: 11799.218 Thread 0x0000023fd8abd590 Thread exited: 0x0000023fd8abd590


Dynamic libraries:
0x00007ff798f30000 - 0x00007ff798f40000 	C:\Program Files\Java\jdk-18\bin\javaw.exe
0x00007ffd43990000 - 0x00007ffd43b88000 	C:\WINDOWS\SYSTEM32\ntdll.dll
0x00007ffd435e0000 - 0x00007ffd4369f000 	C:\WINDOWS\System32\KERNEL32.DLL
0x00007ffd41110000 - 0x00007ffd413e2000 	C:\WINDOWS\System32\KERNELBASE.dll
0x00007ffd415a0000 - 0x00007ffd416a0000 	C:\WINDOWS\System32\ucrtbase.dll
0x00007ffd15da0000 - 0x00007ffd15db8000 	C:\Program Files\Java\jdk-18\bin\jli.dll
0x00007ffd436d0000 - 0x00007ffd4377e000 	C:\WINDOWS\System32\ADVAPI32.dll
0x00007ffd43840000 - 0x00007ffd438de000 	C:\WINDOWS\System32\msvcrt.dll
0x00007ffd41ee0000 - 0x00007ffd41f7c000 	C:\WINDOWS\System32\sechost.dll
0x00007ffd41c00000 - 0x00007ffd41d25000 	C:\WINDOWS\System32\RPCRT4.dll
0x00007ffd41a50000 - 0x00007ffd41bf1000 	C:\WINDOWS\System32\USER32.dll
0x00007ffd416a0000 - 0x00007ffd416c2000 	C:\WINDOWS\System32\win32u.dll
0x00007ffd436a0000 - 0x00007ffd436cb000 	C:\WINDOWS\System32\GDI32.dll
0x00007ffd413f0000 - 0x00007ffd414ff000 	C:\WINDOWS\System32\gdi32full.dll
0x00007ffd41500000 - 0x00007ffd4159d000 	C:\WINDOWS\System32\msvcp_win.dll
0x00007ffd14df0000 - 0x00007ffd14e0a000 	C:\Program Files\Java\jdk-18\bin\VCRUNTIME140.dll
0x00007ffd33030000 - 0x00007ffd332ca000 	C:\WINDOWS\WinSxS\amd64_microsoft.windows.common-controls_6595b64144ccf1df_6.0.19041.1110_none_60b5254171f9507e\COMCTL32.dll
0x00007ffd32e30000 - 0x00007ffd32e3a000 	C:\WINDOWS\SYSTEM32\VERSION.dll
0x00007ffd43540000 - 0x00007ffd43572000 	C:\WINDOWS\System32\IMM32.DLL
0x00007ffd1d9b0000 - 0x00007ffd1d9bc000 	C:\Program Files\Java\jdk-18\bin\vcruntime140_1.dll
0x00007ffd0e2a0000 - 0x00007ffd0e32d000 	C:\Program Files\Java\jdk-18\bin\msvcp140.dll
0x00007ffcf0510000 - 0x00007ffcf1121000 	C:\Program Files\Java\jdk-18\bin\server\jvm.dll
0x00007ffd43310000 - 0x00007ffd43318000 	C:\WINDOWS\System32\PSAPI.DLL
0x00007ffd3f7c0000 - 0x00007ffd3f7c9000 	C:\WINDOWS\SYSTEM32\WSOCK32.dll
0x00007ffd2f5e0000 - 0x00007ffd2f607000 	C:\WINDOWS\SYSTEM32\WINMM.dll
0x00007ffd43320000 - 0x00007ffd4338b000 	C:\WINDOWS\System32\WS2_32.dll
0x00007ffd3f8d0000 - 0x00007ffd3f8e2000 	C:\WINDOWS\SYSTEM32\kernel.appcore.dll
0x00007ffd33490000 - 0x00007ffd3349a000 	C:\Program Files\Java\jdk-18\bin\jimage.dll
0x00007ffd3ee00000 - 0x00007ffd3efe4000 	C:\WINDOWS\SYSTEM32\DBGHELP.DLL
0x00007ffd2a710000 - 0x00007ffd2a745000 	C:\WINDOWS\SYSTEM32\dbgcore.DLL
0x00007ffd41080000 - 0x00007ffd41102000 	C:\WINDOWS\System32\bcryptPrimitives.dll
0x00007ffd32e70000 - 0x00007ffd32eab000 	C:\Program Files\Java\jdk-18\bin\jdwp.dll
0x00007ffd3b7c0000 - 0x00007ffd3b7ce000 	C:\Program Files\Java\jdk-18\bin\instrument.dll
0x00007ffcf7630000 - 0x00007ffcf7655000 	C:\Program Files\Java\jdk-18\bin\java.dll
0x00007ffcf6f30000 - 0x00007ffcf7006000 	C:\Program Files\Java\jdk-18\bin\jsvml.dll
0x00007ffd41f80000 - 0x00007ffd426c4000 	C:\WINDOWS\System32\SHELL32.dll
0x00007ffd3eff0000 - 0x00007ffd3f782000 	C:\WINDOWS\SYSTEM32\windows.storage.dll
0x00007ffd42b40000 - 0x00007ffd42e95000 	C:\WINDOWS\System32\combase.dll
0x00007ffd40ae0000 - 0x00007ffd40b10000 	C:\WINDOWS\SYSTEM32\Wldp.dll
0x00007ffd43790000 - 0x00007ffd4383d000 	C:\WINDOWS\System32\SHCORE.dll
0x00007ffd438f0000 - 0x00007ffd43945000 	C:\WINDOWS\System32\shlwapi.dll
0x00007ffd40fc0000 - 0x00007ffd40fdf000 	C:\WINDOWS\SYSTEM32\profapi.dll
0x00007ffd38f60000 - 0x00007ffd38f6c000 	C:\Program Files\Java\jdk-18\bin\dt_socket.dll
0x00007ffd404e0000 - 0x00007ffd4051b000 	C:\WINDOWS\SYSTEM32\IPHLPAPI.DLL
0x00007ffd40840000 - 0x00007ffd408aa000 	C:\WINDOWS\system32\mswsock.dll
0x00007ffd40570000 - 0x00007ffd4063a000 	C:\WINDOWS\SYSTEM32\DNSAPI.dll
0x00007ffd438e0000 - 0x00007ffd438e8000 	C:\WINDOWS\System32\NSI.dll
0x00007ffd341f0000 - 0x00007ffd341fa000 	C:\Windows\System32\rasadhlp.dll
0x00007ffd34110000 - 0x00007ffd34190000 	C:\WINDOWS\System32\fwpuclnt.dll
0x00007ffd41880000 - 0x00007ffd418a7000 	C:\WINDOWS\System32\bcrypt.dll
0x00007ffcf75f0000 - 0x00007ffcf7608000 	C:\Program Files\Java\jdk-18\bin\zip.dll
0x00007ffcf77e0000 - 0x00007ffcf77f3000 	C:\Program Files\Java\jdk-18\bin\net.dll
0x00007ffd35730000 - 0x00007ffd3583c000 	C:\WINDOWS\SYSTEM32\WINHTTP.dll
0x00007ffcf7610000 - 0x00007ffcf7626000 	C:\Program Files\Java\jdk-18\bin\nio.dll
0x00007ffd17680000 - 0x00007ffd17690000 	C:\Program Files\Java\jdk-18\bin\verify.dll
0x00007ffd38e60000 - 0x00007ffd38e69000 	C:\Program Files\Java\jdk-18\bin\management.dll
0x00007ffd33330000 - 0x00007ffd3333b000 	C:\Program Files\Java\jdk-18\bin\management_ext.dll
0x00007ffd32f60000 - 0x00007ffd32f77000 	C:\WINDOWS\system32\napinsp.dll
0x00007ffd32f40000 - 0x00007ffd32f5b000 	C:\WINDOWS\system32\pnrpnsp.dll
0x00007ffd32f20000 - 0x00007ffd32f35000 	C:\WINDOWS\system32\wshbth.dll
0x00007ffd3c270000 - 0x00007ffd3c28d000 	C:\WINDOWS\system32\NLAapi.dll
0x00007ffd32f00000 - 0x00007ffd32f12000 	C:\WINDOWS\System32\winrnr.dll
0x00007ffd40a40000 - 0x00007ffd40a58000 	C:\WINDOWS\SYSTEM32\CRYPTSP.dll
0x00007ffd400f0000 - 0x00007ffd40124000 	C:\WINDOWS\system32\rsaenh.dll
0x00007ffd40f80000 - 0x00007ffd40fae000 	C:\WINDOWS\SYSTEM32\USERENV.dll
0x00007ffd40a30000 - 0x00007ffd40a3c000 	C:\WINDOWS\SYSTEM32\CRYPTBASE.dll
0x00007ffd35c30000 - 0x00007ffd35c47000 	C:\WINDOWS\SYSTEM32\dhcpcsvc6.DLL
0x00007ffd35c10000 - 0x00007ffd35c2d000 	C:\WINDOWS\SYSTEM32\dhcpcsvc.DLL
0x00007ffd12090000 - 0x00007ffd1209e000 	C:\Program Files\Java\jdk-18\bin\sunmscapi.dll
0x00007ffd416d0000 - 0x00007ffd41826000 	C:\WINDOWS\System32\CRYPT32.dll
0x00007ffd40b50000 - 0x00007ffd40b77000 	C:\WINDOWS\SYSTEM32\ncrypt.dll
0x00007ffd40b10000 - 0x00007ffd40b4b000 	C:\WINDOWS\SYSTEM32\NTASN1.dll

dbghelp: loaded successfully - version: 4.0.5 - missing functions: none
symbol engine: initialized successfully - sym options: 0x614 - pdb path: .;C:\Program Files\Java\jdk-18\bin;C:\WINDOWS\SYSTEM32;C:\WINDOWS\WinSxS\amd64_microsoft.windows.common-controls_6595b64144ccf1df_6.0.19041.1110_none_60b5254171f9507e;C:\Program Files\Java\jdk-18\bin\server

VM Arguments:
jvm_args: -XX:+ShowCodeDetailsInExceptionMessages -agentlib:jdwp=transport=dt_socket,suspend=y,address=localhost:54096 -javaagent:D:\jee-2023-06\eclipse\configuration\org.eclipse.osgi\430\0\.cp\lib\javaagent-shaded.jar -Dfile.encoding=UTF-8 
java_command: com.example.Fortunemvn.FortunemvnApplication
java_class_path (initial): D:\Downloads\Fortunemvn\Fortunemvn\target\classes;C:\Users\Administrator\.m2\repository\org\springframework\boot\spring-boot-starter-data-jpa\2.5.5\spring-boot-starter-data-jpa-2.5.5.jar;C:\Users\Administrator\.m2\repository\org\springframework\boot\spring-boot-starter-aop\2.5.5\spring-boot-starter-aop-2.5.5.jar;C:\Users\Administrator\.m2\repository\org\springframework\spring-aop\5.3.10\spring-aop-5.3.10.jar;C:\Users\Administrator\.m2\repository\org\aspectj\aspectjweaver\1.9.7\aspectjweaver-1.9.7.jar;C:\Users\Administrator\.m2\repository\jakarta\transaction\jakarta.transaction-api\1.3.3\jakarta.transaction-api-1.3.3.jar;C:\Users\Administrator\.m2\repository\jakarta\persistence\jakarta.persistence-api\2.2.3\jakarta.persistence-api-2.2.3.jar;C:\Users\Administrator\.m2\repository\org\hibernate\hibernate-core\5.4.32.Final\hibernate-core-5.4.32.Final.jar;C:\Users\Administrator\.m2\repository\org\jboss\logging\jboss-logging\3.4.2.Final\jboss-logging-3.4.2.Final.jar;C:\Users\Administrator\.m2\repository\org\javassist\javassist\3.27.0-GA\javassist-3.27.0-GA.jar;C:\Users\Administrator\.m2\repository\net\bytebuddy\byte-buddy\1.10.22\byte-buddy-1.10.22.jar;C:\Users\Administrator\.m2\repository\antlr\antlr\2.7.7\antlr-2.7.7.jar;C:\Users\Administrator\.m2\repository\org\jboss\jandex\2.2.3.Final\jandex-2.2.3.Final.jar;C:\Users\Administrator\.m2\repository\org\dom4j\dom4j\2.1.3\dom4j-2.1.3.jar;C:\Users\Administrator\.m2\repository\org\hibernate\common\hibernate-commons-annotations\5.1.2.Final\hibernate-commons-annotations-5.1.2.Final.jar;C:\Users\Administrator\.m2\repository\org\glassfish\jaxb\jaxb-runtime\2.3.5\jaxb-runtime-2.3.5.jar;C:\Users\Administrator\.m2\repository\org\glassfish\jaxb\txw2\2.3.5\txw2-2.3.5.jar;C:\Users\Administrator\.m2\repository\com\sun\istack\istack-commons-runtime\3.0.12\istack-commons-runtime-3.0.12.jar;C:\Users\Administrator\.m2\repository\org\springframework\data\spring-data-jpa\2.5.5\spring-data-jpa-2.5.5.jar;C:\Users\Administrator\.m2\repository\org\springframework\data\spring-data-commons\2.5.5\spring-data-commons-2.5.5.jar;C:\Users\Administrator\.m2\repository\org\springframework\spring-orm\5.3.10\spring-orm-5.3.10.jar;C:\Users\Administrator\.m2\repository\org\springframework\spring-tx\5.3.10\spring-tx-5.3.10.jar;C:\Users\Administrator\.m2\repository\org\springframework\spring-aspects\5.3.10\spring-aspects-5.3.10.jar;C:\Users\Administrator\.m2\repository\org\springframework\boot\spring-boot-starter-web\2.5.5\spring-boot-starter-web-2.5.5.jar;C:\Users\Administrator\.m2\repository\org\springframework\boot\spring-boot-starter\2.5.5\spring-boot-starter-2.5.5.jar;C:\Users\Administrator\.m2\repository\org\springframework\boot\spring-boot-starter-logging\2.5.5\spring-boot-starter-logging-2.5.5.jar;C:\Users\Administrator\.m2\repository\ch\qos\logback\logback-classic\1.2.6\logback-classic-1.2.6.jar;C:\Users\Administrator\.m2\repository\ch\qos\logback\logback-core\1.2.6\logback-core-1.2.6.jar;C:\Users\Administrator\.m2\repository\org\apache\logging\log4j\log4j-to-slf4j\2.14.1\log4j-to-slf4j-2.14.1.jar;C:\Users\Administrator\.m2\repository\org\apache\logging\log4j\log4j-api\2.14.1\log4j-api-2.14.1.jar;C:\Users\Administrator\.m2\repository\org\slf4j\jul-to-slf4j\1.7.32\jul-to-slf4j-1.7.32.jar;C:\Users\Administrator\.m2\repository\org\yaml\snakeyaml\1.28\snakeyaml-1.28.jar;C:\Users\Administrator\.m2\repository\org\springframework\boot\spring-boot-starter-json\2.5.5\spring-boot-starter-json-2.5.5.jar;C:\Users\Administrator\.m2\repository\com\fasterxml\jackson\core\jackson-databind\2.12.5\jackson-databind-2.12.5.jar;C:\Users\Administrator\.m2\repository\com\fasterxml\jackson\core\jackson-core\2.12.5\jackson-core-2.12.5.jar;C:\Users\Administrator\.m2\repository\com\fasterxml\jackson\datatype\jackson-datatype-jdk8\2.12.5\jackson-datatype-jdk8-2.12.5.jar;C:\Users\Administrator\.m2\repository\com\fasterxml\jackson\datatype\jackson-datatype-jsr310\2.12.5\jackson-datatype-jsr310-2.12.5.jar;C:\Users\Administrator\.m2\repository\com\fasterxml\jackson\module\jackson-module-parameter-names\2.12.5\jackson-module-parameter-names-2.12.5.jar;C:\Users\Administrator\.m2\repository\org\springframework\spring-web\5.3.10\spring-web-5.3.10.jar;C:\Users\Administrator\.m2\repository\org\springframework\spring-webmvc\5.3.10\spring-webmvc-5.3.10.jar;C:\Users\Administrator\.m2\repository\org\springframework\spring-expression\5.3.10\spring-expression-5.3.10.jar;C:\Users\Administrator\.m2\repository\com\h2database\h2\1.4.200\h2-1.4.200.jar;C:\Users\Administrator\.m2\repository\org\springframework\boot\spring-boot-starter-tomcat\2.5.5\spring-boot-starter-tomcat-2.5.5.jar;C:\Users\Administrator\.m2\repository\jakarta\annotation\jakarta.annotation-api\1.3.5\jakarta.annotation-api-1.3.5.jar;C:\Users\Administrator\.m2\repository\org\apache\tomcat\embed\tomcat-embed-core\9.0.53\tomcat-embed-core-9.0.53.jar;C:\Users\Administrator\.m2\repository\org\apache\tomcat\embed\tomcat-embed-el\9.0.53\tomcat-embed-el-9.0.53.jar;C:\Users\Administrator\.m2\repository\org\apache\tomcat\embed\tomcat-embed-websocket\9.0.53\tomcat-embed-websocket-9.0.53.jar;C:\Users\Administrator\.m2\repository\jakarta\xml\bind\jakarta.xml.bind-api\2.3.3\jakarta.xml.bind-api-2.3.3.jar;C:\Users\Administrator\.m2\repository\jakarta\activation\jakarta.activation-api\1.2.2\jakarta.activation-api-1.2.2.jar;C:\Users\Administrator\.m2\repository\org\springframework\spring-core\5.3.10\spring-core-5.3.10.jar;C:\Users\Administrator\.m2\repository\org\springframework\spring-jcl\5.3.10\spring-jcl-5.3.10.jar;C:\Users\Administrator\.m2\repository\io\springfox\springfox-swagger2\3.0.0\springfox-swagger2-3.0.0.jar;C:\Users\Administrator\.m2\repository\io\springfox\springfox-spi\3.0.0\springfox-spi-3.0.0.jar;C:\Users\Administrator\.m2\repository\io\springfox\springfox-core\3.0.0\springfox-core-3.0.0.jar;C:\Users\Administrator\.m2\repository\io\springfox\springfox-schema\3.0.0\springfox-schema-3.0.0.jar;C:\Users\Administrator\.m2\repository\io\springfox\springfox-swagger-common\3.0.0\springfox-swagger-common-3.0.0.jar;C:\Users\Administrator\.m2\repository\io\swagger\core\v3\swagger-annotations\2.1.2\swagger-annotations-2.1.2.jar;C:\Users\Administrator\.m2\repository\io\springfox\springfox-spring-web\3.0.0\springfox-spring-web-3.0.0.jar;C:\Users\Administrator\.m2\repository\io\github\classgraph\classgraph\4.8.83\classgraph-4.8.83.jar;C:\Users\Administrator\.m2\repository\io\springfox\springfox-spring-webmvc\3.0.0\springfox-spring-webmvc-3.0.0.jar;C:\Users\Administrator\.m2\repository\io\springfox\springfox-spring-webflux\3.0.0\springfox-spring-webflux-3.0.0.jar;C:\Users\Administrator\.m2\repository\com\fasterxml\classmate\1.5.1\classmate-1.5.1.jar;C:\Users\Administrator\.m2\repository\org\slf4j\slf4j-api\1.7.32\slf4j-api-1.7.32.jar;C:\Users\Administrator\.m2\repository\org\springframework\plugin\spring-plugin-core\2.0.0.RELEASE\spring-plugin-core-2.0.0.RELEASE.jar;C:\Users\Administrator\.m2\repository\org\springframework\plugin\spring-plugin-metadata\2.0.0.RELEASE\spring-plugin-metadata-2.0.0.RELEASE.jar;C:\Users\Administrator\.m2\repository\io\swagger\swagger-annotations\1.5.20\swagger-annotations-1.5.20.jar;C:\Users\Administrator\.m2\repository\io\swagger\swagger-models\1.5.20\swagger-models-1.5.20.jar;C:\Users\Administrator\.m2\repository\com\fasterxml\jackson\core\jackson-annotations\2.12.5\jackson-annotations-2.12.5.jar;C:\Users\Administrator\.m2\repository\org\mapstruct\mapstruct\1.3.1.Final\mapstruct-1.3.1.Final.jar;C:\Users\Administrator\.m2\repository\javax\servlet\javax.servlet-api\4.0.1\javax.servlet-api-4.0.1.jar;C:\Users\Administrator\.m2\repository\org\postgresql\postgresql\42.2.23\postgresql-42.2.23.jar;C:\Users\Administrator\.m2\repository\org\checkerframework\checker-qual\3.5.0\checker-qual-3.5.0.jar;C:\Users\Administrator\.m2\repository\org\springframework\boot\spring-boot-starter-jdbc\2.5.5\spring-boot-starter-jdbc-2.5.5.jar;C:\Users\Administrator\.m2\repository\com\zaxxer\HikariCP\4.0.3\HikariCP-4.0.3.jar;C:\Users\Administrator\.m2\repository\org\springframework\spring-jdbc\5.3.10\spring-jdbc-5.3.10.jar;C:\Users\Administrator\.m2\repository\io\springfox\springfox-boot-starter\3.0.0\springfox-boot-starter-3.0.0.jar;C:\Users\Administrator\.m2\repository\io\springfox\springfox-oas\3.0.0\springfox-oas-3.0.0.jar;C:\Users\Administrator\.m2\repository\io\swagger\core\v3\swagger-models\2.1.2\swagger-models-2.1.2.jar;C:\Users\Administrator\.m2\repository\io\springfox\springfox-data-rest\3.0.0\springfox-data-rest-3.0.0.jar;C:\Users\Administrator\.m2\repository\io\springfox\springfox-bean-validators\3.0.0\springfox-bean-validators-3.0.0.jar;C:\Users\Administrator\.m2\repository\org\springframework\boot\spring-boot-devtools\2.5.5\spring-boot-devtools-2.5.5.jar;C:\Users\Administrator\.m2\repository\org\springframework\boot\spring-boot\2.5.5\spring-boot-2.5.5.jar;C:\Users\Administrator\.m2\repository\org\springframework\boot\spring-boot-autoconfigure\2.5.5\spring-boot-autoconfigure-2.5.5.jar;C:\Users\Administrator\.m2\repository\io\springfox\springfox-swagger-ui\3.0.0\springfox-swagger-ui-3.0.0.jar;C:\Users\Administrator\.m2\repository\org\projectlombok\lombok\1.18.28\lombok-1.18.28.jar;C:\Users\Administrator\.m2\repository\org\springframework\spring-context-support\3.1.1.RELEASE\spring-context-support-3.1.1.RELEASE.jar;C:\Users\Administrator\.m2\repository\org\springframework\spring-beans\5.3.10\spring-beans-5.3.10.jar;C:\Users\Administrator\.m2\repository\org\springframework\spring-context\5.3.10\spring-context-5.3.10.jar;C:\Users\Administrator\.m2\repository\org\springframework\boot\spring-boot-starter-mail\2.5.5\spring-boot-starter-mail-2.5.5.jar;C:\Users\Administrator\.m2\repository\com\sun\mail\jakarta.mail\1.6.7\jakarta.mail-1.6.7.jar;C:\Users\Administrator\.m2\repository\com\sun\activation\jakarta.activation\1.2.2\jakarta.activation-1.2.2.jar
Launcher Type: SUN_STANDARD

[Global flags]
     intx CICompilerCount                          = 3                                         {product} {ergonomic}
     uint ConcGCThreads                            = 1                                         {product} {ergonomic}
     uint G1ConcRefinementThreads                  = 4                                         {product} {ergonomic}
   size_t G1HeapRegionSize                         = 1048576                                   {product} {ergonomic}
    uintx GCDrainStackTargetSize                   = 64                                        {product} {ergonomic}
   size_t InitialHeapSize                          = 134217728                                 {product} {ergonomic}
   size_t MarkStackSize                            = 4194304                                   {product} {ergonomic}
   size_t MaxHeapSize                              = 2126512128                                {product} {ergonomic}
   size_t MaxNewSize                               = 1275068416                                {product} {ergonomic}
   size_t MinHeapDeltaBytes                        = 1048576                                   {product} {ergonomic}
   size_t MinHeapSize                              = 8388608                                   {product} {ergonomic}
    uintx NonNMethodCodeHeapSize                   = 5832780                                {pd product} {ergonomic}
    uintx NonProfiledCodeHeapSize                  = 122912730                              {pd product} {ergonomic}
    uintx ProfiledCodeHeapSize                     = 122912730                              {pd product} {ergonomic}
    uintx ReservedCodeCacheSize                    = 251658240                              {pd product} {ergonomic}
     bool SegmentedCodeCache                       = true                                      {product} {ergonomic}
     bool ShowCodeDetailsInExceptionMessages       = true                                   {manageable} {command line}
   size_t SoftMaxHeapSize                          = 2126512128                             {manageable} {ergonomic}
     bool UseCompressedClassPointers               = true                           {product lp64_product} {ergonomic}
     bool UseCompressedOops                        = true                           {product lp64_product} {ergonomic}
     bool UseG1GC                                  = true                                      {product} {ergonomic}
     bool UseLargePagesIndividualAllocation        = false                                  {pd product} {ergonomic}

Logging:
Log output configuration:
 #0: stdout all=warning uptime,level,tags foldmultilines=false
 #1: stderr all=off uptime,level,tags foldmultilines=false

Environment Variables:
JAVA_HOME=C:\Program Files\Java\jdk1.8.0_261
PATH=C:/Program Files/Java/jdk-18/bin/server;C:/Program Files/Java/jdk-18/bin;C:\Program Files (x86)\Common Files\Oracle\Java\javapath;C:\Program Files\Common Files\Oracle\Java\javapath;%M3_HOME%\bin;C:\WINDOWS\system32;C:\WINDOWS;C:\WINDOWS\System32\Wbem;C:\WINDOWS\System32\WindowsPowerShell\v1.0\;C:\WINDOWS\System32\OpenSSH\;C:\Program Files\PuTTY\;C:\Program Files\Microsoft SQL Server\Client SDK\ODBC\170\Tools\Binn\;C:\Program Files (x86)\Microsoft SQL Server\150\Tools\Binn\;C:\Program Files\Microsoft SQL Server\150\Tools\Binn\;C:\Program Files\Microsoft SQL Server\150\DTS\Binn\;D:\Gradle\gradle-8.1.1\bin;C:\Program Files\Java\jre1.8.0_261\bin;C:\Program Files\Java\jdk1.8.0_261\bin;C:\apache-maven-3.6.3\bin;D:\database\postGreSQl\15\bin;C:\Users\Administrator\AppData\Local\Microsoft\WindowsApps;;D:\jee-2023-06\eclipse;
USERNAME=Administrator
OS=Windows_NT
PROCESSOR_IDENTIFIER=Intel64 Family 6 Model 61 Stepping 4, GenuineIntel



---------------  S Y S T E M  ---------------

OS:
 Windows 10 , 64 bit Build 19041 (10.0.19041.2364)
OS uptime: 1 days 2:57 hours

CPU: total 4 (initial active 4) (2 cores per cpu, 2 threads per core) family 6 model 61 stepping 4 microcode 0x2d, cx8, cmov, fxsr, ht, mmx, 3dnowpref, sse, sse2, sse3, ssse3, sse4.1, sse4.2, popcnt, lzcnt, tsc, tscinvbit, avx, avx2, aes, erms, clmul, bmi1, bmi2, adx, fma, vzeroupper, clflush

Memory: 4k page, system-wide physical 8107M (1102M free)
TotalPageFile size 12708M (AvailPageFile size 2383M)
current process WorkingSet (physical memory assigned to process): 410M, peak: 439M
current process commit charge ("private bytes"): 454M, peak: 483M

vm_info: Java HotSpot(TM) 64-Bit Server VM (18+36-2087) for windows-amd64 JRE (18+36-2087), built on Feb 15 2022 09:43:11 by "mach5one" with MS VC++ 16.8 / 16.9 (VS2019)

END.
